#
# There is insufficient memory for the Java Runtime Environment to continue.
# Native memory allocation (mmap) failed to map 333447168 bytes for Failed to commit area from 0x0000000625400000 to 0x0000000639200000 of length 333447168.
# Possible reasons:
#   The system is out of physical RAM or swap space
#   The process is running with CompressedOops enabled, and the Java Heap may be blocking the growth of the native heap
# Possible solutions:
#   Reduce memory load on the system
#   Increase physical memory or swap space
#   Check if swap backing store is full
#   Decrease Java heap size (-Xmx/-Xms)
#   Decrease number of Java threads
#   Decrease Java thread stack sizes (-Xss)
#   Set larger code cache with -XX:ReservedCodeCacheSize=
#   JVM is running with Zero Based Compressed Oops mode in which the Java heap is
#     placed in the first 32GB address space. The Java Heap base address is the
#     maximum limit for the native heap growth. Please use -XX:HeapBaseMinAddress
#     to set the Java Heap base and to place the Java Heap above 32GB virtual address.
# This output file may be truncated or incomplete.
#
#  Out of Memory Error (c:/tools/cygwin/home/Administrator/development/Corretto11Src/src/src/hotspot/os/windows/os_windows.cpp:3271), pid=60292, tid=50456
#
# JRE version: OpenJDK Runtime Environment (11.0.3+7) (build 11.0.3+7-LTS)
# Java VM: OpenJDK 64-Bit Server VM (11.0.3+7-LTS, mixed mode, tiered, compressed oops, g1 gc, windows-amd64)
# Core dump will be written. Default location: C:\GW Automation Scripts\GWPCDataDriven\hs_err_pid60292.mdmp
#

---------------  S U M M A R Y ------------

Command Line: -Dfile.encoding=UTF-8 GWPCDataDriven.GWPCDataDriven

Host: Intel(R) Xeon(R) Platinum 8259CL CPU @ 2.50GHz, 8 cores, 31G,  Windows Server 2016 , 64 bit Build 14393 (10.0.14393.2969)
Time: Tue Nov 22 19:01:26 2022 India Standard Time elapsed time: 2241 seconds (0d 0h 37m 21s)

---------------  T H R E A D  ---------------

Current thread (0x000002277ac28000):  VMThread "VM Thread" [stack: 0x000000e1c4600000,0x000000e1c4700000] [id=50456]

Stack: [0x000000e1c4600000,0x000000e1c4700000]
[error occurred during error reporting (printing stack bounds), id 0xc0000005, EXCEPTION_ACCESS_VIOLATION (0xc0000005) at pc=0x0000022755ee0d67]

Native frames: (J=compiled Java code, j=interpreted, Vv=VM code, C=native code)
V  [jvm.dll+0x5d6bea]
V  [jvm.dll+0x70ac5f]
V  [jvm.dll+0x70c2eb]
V  [jvm.dll+0x70c915]
V  [jvm.dll+0x70c8cb]
V  [jvm.dll+0x5d64d3]
V  [jvm.dll+0x5d6898]
C  [ntdll.dll+0xaa58d]
C  [ntdll.dll+0x3fd23]
C  [ntdll.dll+0xa96fa]
C  0x0000022755ee0d67

VM_Operation (0x000000e1c79fcf70): G1CollectForAllocation, mode: safepoint, requested by thread 0x000002277dbc6000


---------------  P R O C E S S  ---------------

Threads class SMR info:
_java_thread_list=0x000002277beb2b70, length=32, elements={
0x000002274d965800, 0x000002277ac2c800, 0x000002277ac2e800, 0x000002277ac82000,
0x000002277ac83000, 0x000002277ac85000, 0x000002277ac8a800, 0x000002277ac8b800,
0x000002277ae79800, 0x000002277b78a000, 0x000002277c15b800, 0x000002277c818800,
0x000002277b84a000, 0x000002277beb9000, 0x000002277cb3b800, 0x000002277ca12800,
0x000002277ca01800, 0x000002277c7f3800, 0x000002277c7f1800, 0x000002277c7f4000,
0x000002277c7ef000, 0x000002277c7f5000, 0x000002277c7f2800, 0x000002277c7f1000,
0x000002277c7f5800, 0x000002277c7f0000, 0x000002277dbc9800, 0x000002277dbca000,
0x000002277dbc8800, 0x000002277dbcc000, 0x000002277dbcb000, 0x000002277dbc6000
}

Java Threads: ( => current thread )
  0x000002274d965800 JavaThread "Forwarding findElement on session 1c3c00e124a7557123a54cb84efb6f7d to remote" [_thread_blocked, id=58740, stack(0x000000e1c4000000,0x000000e1c4100000)]
  0x000002277ac2c800 JavaThread "Reference Handler" daemon [_thread_blocked, id=1908, stack(0x000000e1c4700000,0x000000e1c4800000)]
  0x000002277ac2e800 JavaThread "Finalizer" daemon [_thread_blocked, id=49196, stack(0x000000e1c4800000,0x000000e1c4900000)]
  0x000002277ac82000 JavaThread "Signal Dispatcher" daemon [_thread_blocked, id=44652, stack(0x000000e1c4900000,0x000000e1c4a00000)]
  0x000002277ac83000 JavaThread "Attach Listener" daemon [_thread_blocked, id=45804, stack(0x000000e1c4a00000,0x000000e1c4b00000)]
  0x000002277ac85000 JavaThread "C2 CompilerThread0" daemon [_thread_blocked, id=53552, stack(0x000000e1c4b00000,0x000000e1c4c00000)]
  0x000002277ac8a800 JavaThread "C1 CompilerThread0" daemon [_thread_blocked, id=53900, stack(0x000000e1c4c00000,0x000000e1c4d00000)]
  0x000002277ac8b800 JavaThread "Sweeper thread" daemon [_thread_blocked, id=10568, stack(0x000000e1c4d00000,0x000000e1c4e00000)]
  0x000002277ae79800 JavaThread "Service Thread" daemon [_thread_blocked, id=57412, stack(0x000000e1c4e00000,0x000000e1c4f00000)]
  0x000002277b78a000 JavaThread "Common-Cleaner" daemon [_thread_blocked, id=58936, stack(0x000000e1c5000000,0x000000e1c5100000)]
  0x000002277c15b800 JavaThread "ForkJoinPool.commonPool-worker-3" daemon [_thread_blocked, id=43652, stack(0x000000e1c5b00000,0x000000e1c5c00000)]
  0x000002277c818800 JavaThread "AsyncHttpClient-1-1" daemon [_thread_blocked, id=55664, stack(0x000000e1c5c00000,0x000000e1c5d00000)]
  0x000002277b84a000 JavaThread "Exec Default Executor" daemon [_thread_in_native, id=59016, stack(0x000000e1c5e00000,0x000000e1c5f00000)]
  0x000002277beb9000 JavaThread "Driver Service Executor" daemon [_thread_blocked, id=30416, stack(0x000000e1c5f00000,0x000000e1c6000000)]
  0x000002277cb3b800 JavaThread "Driver Service Executor" daemon [_thread_blocked, id=16960, stack(0x000000e1c6000000,0x000000e1c6100000)]
  0x000002277ca12800 JavaThread "Exec Stream Pumper" daemon [_thread_in_native, id=44244, stack(0x000000e1c6300000,0x000000e1c6400000)]
  0x000002277ca01800 JavaThread "Exec Stream Pumper" daemon [_thread_in_native, id=56132, stack(0x000000e1c6400000,0x000000e1c6500000)]
  0x000002277c7f3800 JavaThread "AsyncHttpClient-1-2" daemon [_thread_in_native, id=49952, stack(0x000000e1c6700000,0x000000e1c6800000)]
  0x000002277c7f1800 JavaThread "AsyncHttpClient-1-3" daemon [_thread_in_native, id=55116, stack(0x000000e1c6800000,0x000000e1c6900000)]
  0x000002277c7f4000 JavaThread "AsyncHttpClient-1-4" daemon [_thread_in_native, id=57540, stack(0x000000e1c6900000,0x000000e1c6a00000)]
  0x000002277c7ef000 JavaThread "AsyncHttpClient-1-5" daemon [_thread_in_native, id=15528, stack(0x000000e1c6e00000,0x000000e1c6f00000)]
  0x000002277c7f5000 JavaThread "AsyncHttpClient-1-6" daemon [_thread_in_native, id=54764, stack(0x000000e1c6f00000,0x000000e1c7000000)]
  0x000002277c7f2800 JavaThread "AsyncHttpClient-1-7" daemon [_thread_in_native, id=11032, stack(0x000000e1c7000000,0x000000e1c7100000)]
  0x000002277c7f1000 JavaThread "AsyncHttpClient-1-8" daemon [_thread_in_native, id=25140, stack(0x000000e1c7100000,0x000000e1c7200000)]
  0x000002277c7f5800 JavaThread "AsyncHttpClient-1-9" daemon [_thread_in_native, id=59656, stack(0x000000e1c7200000,0x000000e1c7300000)]
  0x000002277c7f0000 JavaThread "AsyncHttpClient-1-10" daemon [_thread_in_native, id=57572, stack(0x000000e1c7300000,0x000000e1c7400000)]
  0x000002277dbc9800 JavaThread "AsyncHttpClient-1-11" daemon [_thread_in_native, id=14620, stack(0x000000e1c7400000,0x000000e1c7500000)]
  0x000002277dbca000 JavaThread "AsyncHttpClient-1-12" daemon [_thread_in_native, id=58496, stack(0x000000e1c7500000,0x000000e1c7600000)]
  0x000002277dbc8800 JavaThread "AsyncHttpClient-1-13" daemon [_thread_in_native, id=54592, stack(0x000000e1c7600000,0x000000e1c7700000)]
  0x000002277dbcc000 JavaThread "AsyncHttpClient-1-14" daemon [_thread_in_native, id=46056, stack(0x000000e1c7700000,0x000000e1c7800000)]
  0x000002277dbcb000 JavaThread "AsyncHttpClient-1-15" daemon [_thread_in_native, id=59200, stack(0x000000e1c7800000,0x000000e1c7900000)]
  0x000002277dbc6000 JavaThread "AsyncHttpClient-1-16" daemon [_thread_blocked, id=57968, stack(0x000000e1c7900000,0x000000e1c7a00000)]

Other Threads:
=>0x000002277ac28000 VMThread "VM Thread" [stack: 0x000000e1c4600000,0x000000e1c4700000] [id=50456]
  0x000002277ae7e800 WatcherThread [stack: 0x000000e1c4f00000,0x000000e1c5000000] [id=12084]
  0x000002274d97c000 GCTaskThread "GC Thread#0" [stack: 0x000000e1c4100000,0x000000e1c4200000] [id=25656]
  0x000002277bfb4000 GCTaskThread "GC Thread#1" [stack: 0x000000e1c5200000,0x000000e1c5300000] [id=57208]
  0x000002277c065800 GCTaskThread "GC Thread#2" [stack: 0x000000e1c5300000,0x000000e1c5400000] [id=54392]
  0x000002277bea0800 GCTaskThread "GC Thread#3" [stack: 0x000000e1c5400000,0x000000e1c5500000] [id=58164]
  0x000002277bfb7000 GCTaskThread "GC Thread#4" [stack: 0x000000e1c5500000,0x000000e1c5600000] [id=6708]
  0x000002277bfb7800 GCTaskThread "GC Thread#5" [stack: 0x000000e1c5600000,0x000000e1c5700000] [id=6080]
  0x000002277bfb8800 GCTaskThread "GC Thread#6" [stack: 0x000000e1c5700000,0x000000e1c5800000] [id=45412]
  0x000002277bf66800 GCTaskThread "GC Thread#7" [stack: 0x000000e1c5800000,0x000000e1c5900000] [id=58628]
  0x000002277802b800 ConcurrentGCThread "G1 Main Marker" [stack: 0x000000e1c4200000,0x000000e1c4300000] [id=33532]
  0x000002277802c800 ConcurrentGCThread "G1 Conc#0" [stack: 0x000000e1c4300000,0x000000e1c4400000] [id=48740]
  0x000002277db1a800 ConcurrentGCThread "G1 Conc#1" [stack: 0x000000e1c5d00000,0x000000e1c5e00000] [id=58000]
  0x00000227781e4800 ConcurrentGCThread "G1 Refine#0" [stack: 0x000000e1c4400000,0x000000e1c4500000] [id=59032]
  0x000002277c336000 ConcurrentGCThread "G1 Refine#1" [stack: 0x000000e1c5900000,0x000000e1c5a00000] [id=54556]
  0x00000227781e5800 ConcurrentGCThread "G1 Young RemSet Sampling" [stack: 0x000000e1c4500000,0x000000e1c4600000] [id=50936]

Threads with active compile tasks:

VM state:at safepoint (normal execution)

VM Mutex/Monitor currently owned by a thread:  ([mutex/lock_event])
[0x000002274d961370] Threads_lock - owner thread: 0x000002277ac28000
[0x000002274d9635c0] Heap_lock - owner thread: 0x000002277dbc6000

Heap address: 0x0000000605800000, size: 8104 MB, Compressed Oops mode: Zero based, Oop shift amount: 3
Narrow klass base: 0x0000000800000000, Narrow klass shift: 0
Compressed class space size: 1073741824 Address: 0x0000000800000000

Heap:
 garbage-first heap   total 845824K, used 243777K [0x0000000605800000, 0x0000000800000000)
  region size 2048K, 5 young (10240K), 5 survivors (10240K)
 Metaspace       used 36949K, capacity 37919K, committed 38192K, reserved 1083392K
  class space    used 4275K, capacity 4667K, committed 4736K, reserved 1048576K
Heap Regions: E=young(eden), S=young(survivor), O=old, HS=humongous(starts), HC=humongous(continues), CS=collection set, F=free, A=archive, TAMS=top-at-mark-start (previous, next)
|   0|0x0000000605800000, 0x0000000605a00000, 0x0000000605a00000|100%|HS|  |TAMS 0x0000000605a00000, 0x0000000605a00000| Complete 
|   1|0x0000000605a00000, 0x0000000605c00000, 0x0000000605c00000|100%|HC|  |TAMS 0x0000000605c00000, 0x0000000605c00000| Complete 
|   2|0x0000000605c00000, 0x0000000605e00000, 0x0000000605e00000|100%| O|  |TAMS 0x0000000605e00000, 0x0000000605e00000| Untracked 
|   3|0x0000000605e00000, 0x0000000606000000, 0x0000000606000000|100%| O|  |TAMS 0x0000000606000000, 0x0000000606000000| Untracked 
|   4|0x0000000606000000, 0x0000000606200000, 0x0000000606200000|100%| O|  |TAMS 0x0000000606200000, 0x0000000606200000| Untracked 
|   5|0x0000000606200000, 0x0000000606400000, 0x0000000606400000|100%| O|  |TAMS 0x0000000606400000, 0x0000000606400000| Untracked 
|   6|0x0000000606400000, 0x0000000606600000, 0x0000000606600000|100%|HS|  |TAMS 0x0000000606600000, 0x0000000606600000| Complete 
|   7|0x0000000606600000, 0x0000000606800000, 0x0000000606800000|100%|HC|  |TAMS 0x0000000606800000, 0x0000000606800000| Complete 
|   8|0x0000000606800000, 0x0000000606a00000, 0x0000000606a00000|100%|HC|  |TAMS 0x0000000606a00000, 0x0000000606a00000| Complete 
|   9|0x0000000606a00000, 0x0000000606c00000, 0x0000000606c00000|100%|HC|  |TAMS 0x0000000606c00000, 0x0000000606c00000| Complete 
|  10|0x0000000606c00000, 0x0000000606e00000, 0x0000000606e00000|100%|HC|  |TAMS 0x0000000606e00000, 0x0000000606e00000| Complete 
|  11|0x0000000606e00000, 0x0000000607000000, 0x0000000607000000|100%|HC|  |TAMS 0x0000000607000000, 0x0000000607000000| Complete 
|  12|0x0000000607000000, 0x0000000607200000, 0x0000000607200000|100%|HC|  |TAMS 0x0000000607200000, 0x0000000607200000| Complete 
|  13|0x0000000607200000, 0x0000000607400000, 0x0000000607400000|100%|HC|  |TAMS 0x0000000607400000, 0x0000000607400000| Complete 
|  14|0x0000000607400000, 0x0000000607600000, 0x0000000607600000|100%|HC|  |TAMS 0x0000000607600000, 0x0000000607600000| Complete 
|  15|0x0000000607600000, 0x0000000607800000, 0x0000000607800000|100%|HS|  |TAMS 0x0000000607600000, 0x0000000607800000| Complete 
|  16|0x0000000607800000, 0x0000000607a00000, 0x0000000607a00000|100%|HC|  |TAMS 0x0000000607800000, 0x0000000607a00000| Complete 
|  17|0x0000000607a00000, 0x0000000607c00000, 0x0000000607c00000|100%|HC|  |TAMS 0x0000000607a00000, 0x0000000607c00000| Complete 
|  18|0x0000000607c00000, 0x0000000607e00000, 0x0000000607e00000|100%|HC|  |TAMS 0x0000000607c00000, 0x0000000607e00000| Complete 
|  19|0x0000000607e00000, 0x0000000608000000, 0x0000000608000000|100%|HC|  |TAMS 0x0000000607e00000, 0x0000000608000000| Complete 
|  20|0x0000000608000000, 0x0000000608200000, 0x0000000608200000|100%|HC|  |TAMS 0x0000000608000000, 0x0000000608200000| Complete 
|  21|0x0000000608200000, 0x0000000608400000, 0x0000000608400000|100%|HC|  |TAMS 0x0000000608200000, 0x0000000608400000| Complete 
|  22|0x0000000608400000, 0x0000000608600000, 0x0000000608600000|100%|HC|  |TAMS 0x0000000608400000, 0x0000000608600000| Complete 
|  23|0x0000000608600000, 0x0000000608800000, 0x0000000608800000|100%|HC|  |TAMS 0x0000000608600000, 0x0000000608800000| Complete 
|  24|0x0000000608800000, 0x0000000608a00000, 0x0000000608a00000|100%|HS|  |TAMS 0x0000000608800000, 0x0000000608a00000| Complete 
|  25|0x0000000608a00000, 0x0000000608c00000, 0x0000000608c00000|100%|HC|  |TAMS 0x0000000608a00000, 0x0000000608c00000| Complete 
|  26|0x0000000608c00000, 0x0000000608e00000, 0x0000000608e00000|100%|HC|  |TAMS 0x0000000608c00000, 0x0000000608e00000| Complete 
|  27|0x0000000608e00000, 0x0000000609000000, 0x0000000609000000|100%|HC|  |TAMS 0x0000000608e00000, 0x0000000609000000| Complete 
|  28|0x0000000609000000, 0x0000000609200000, 0x0000000609200000|100%|HC|  |TAMS 0x0000000609000000, 0x0000000609200000| Complete 
|  29|0x0000000609200000, 0x0000000609400000, 0x0000000609400000|100%|HC|  |TAMS 0x0000000609200000, 0x0000000609400000| Complete 
|  30|0x0000000609400000, 0x0000000609600000, 0x0000000609600000|100%|HC|  |TAMS 0x0000000609400000, 0x0000000609600000| Complete 
|  31|0x0000000609600000, 0x0000000609800000, 0x0000000609800000|100%|HC|  |TAMS 0x0000000609600000, 0x0000000609800000| Complete 
|  32|0x0000000609800000, 0x0000000609a00000, 0x0000000609a00000|100%|HC|  |TAMS 0x0000000609800000, 0x0000000609a00000| Complete 
|  33|0x0000000609a00000, 0x0000000609c00000, 0x0000000609c00000|100%|HS|  |TAMS 0x0000000609a00000, 0x0000000609c00000| Complete 
|  34|0x0000000609c00000, 0x0000000609e00000, 0x0000000609e00000|100%|HC|  |TAMS 0x0000000609c00000, 0x0000000609e00000| Complete 
|  35|0x0000000609e00000, 0x000000060a000000, 0x000000060a000000|100%|HC|  |TAMS 0x0000000609e00000, 0x000000060a000000| Complete 
|  36|0x000000060a000000, 0x000000060a200000, 0x000000060a200000|100%|HC|  |TAMS 0x000000060a000000, 0x000000060a200000| Complete 
|  37|0x000000060a200000, 0x000000060a400000, 0x000000060a400000|100%|HC|  |TAMS 0x000000060a200000, 0x000000060a400000| Complete 
|  38|0x000000060a400000, 0x000000060a600000, 0x000000060a600000|100%|HC|  |TAMS 0x000000060a400000, 0x000000060a600000| Complete 
|  39|0x000000060a600000, 0x000000060a800000, 0x000000060a800000|100%|HC|  |TAMS 0x000000060a600000, 0x000000060a800000| Complete 
|  40|0x000000060a800000, 0x000000060aa00000, 0x000000060aa00000|100%|HC|  |TAMS 0x000000060a800000, 0x000000060aa00000| Complete 
|  41|0x000000060aa00000, 0x000000060ac00000, 0x000000060ac00000|100%|HC|  |TAMS 0x000000060aa00000, 0x000000060ac00000| Complete 
|  42|0x000000060ac00000, 0x000000060ae00000, 0x000000060ae00000|100%|HS|  |TAMS 0x000000060ac00000, 0x000000060ae00000| Complete 
|  43|0x000000060ae00000, 0x000000060b000000, 0x000000060b000000|100%|HC|  |TAMS 0x000000060ae00000, 0x000000060b000000| Complete 
|  44|0x000000060b000000, 0x000000060b200000, 0x000000060b200000|100%|HC|  |TAMS 0x000000060b000000, 0x000000060b200000| Complete 
|  45|0x000000060b200000, 0x000000060b400000, 0x000000060b400000|100%|HC|  |TAMS 0x000000060b200000, 0x000000060b400000| Complete 
|  46|0x000000060b400000, 0x000000060b600000, 0x000000060b600000|100%|HC|  |TAMS 0x000000060b400000, 0x000000060b600000| Complete 
|  47|0x000000060b600000, 0x000000060b800000, 0x000000060b800000|100%|HC|  |TAMS 0x000000060b600000, 0x000000060b800000| Complete 
|  48|0x000000060b800000, 0x000000060ba00000, 0x000000060ba00000|100%|HC|  |TAMS 0x000000060b800000, 0x000000060ba00000| Complete 
|  49|0x000000060ba00000, 0x000000060bc00000, 0x000000060bc00000|100%|HC|  |TAMS 0x000000060ba00000, 0x000000060bc00000| Complete 
|  50|0x000000060bc00000, 0x000000060be00000, 0x000000060be00000|100%|HC|  |TAMS 0x000000060bc00000, 0x000000060be00000| Complete 
|  51|0x000000060be00000, 0x000000060c000000, 0x000000060c000000|100%|HS|  |TAMS 0x000000060be00000, 0x000000060c000000| Complete 
|  52|0x000000060c000000, 0x000000060c200000, 0x000000060c200000|100%|HC|  |TAMS 0x000000060c000000, 0x000000060c200000| Complete 
|  53|0x000000060c200000, 0x000000060c400000, 0x000000060c400000|100%|HC|  |TAMS 0x000000060c200000, 0x000000060c400000| Complete 
|  54|0x000000060c400000, 0x000000060c600000, 0x000000060c600000|100%|HC|  |TAMS 0x000000060c400000, 0x000000060c600000| Complete 
|  55|0x000000060c600000, 0x000000060c800000, 0x000000060c800000|100%|HC|  |TAMS 0x000000060c600000, 0x000000060c800000| Complete 
|  56|0x000000060c800000, 0x000000060ca00000, 0x000000060ca00000|100%|HC|  |TAMS 0x000000060c800000, 0x000000060ca00000| Complete 
|  57|0x000000060ca00000, 0x000000060cc00000, 0x000000060cc00000|100%|HC|  |TAMS 0x000000060ca00000, 0x000000060cc00000| Complete 
|  58|0x000000060cc00000, 0x000000060ce00000, 0x000000060ce00000|100%|HC|  |TAMS 0x000000060cc00000, 0x000000060ce00000| Complete 
|  59|0x000000060ce00000, 0x000000060d000000, 0x000000060d000000|100%|HC|  |TAMS 0x000000060ce00000, 0x000000060d000000| Complete 
|  60|0x000000060d000000, 0x000000060d200000, 0x000000060d200000|100%|HS|  |TAMS 0x000000060d000000, 0x000000060d200000| Complete 
|  61|0x000000060d200000, 0x000000060d400000, 0x000000060d400000|100%|HC|  |TAMS 0x000000060d200000, 0x000000060d400000| Complete 
|  62|0x000000060d400000, 0x000000060d600000, 0x000000060d600000|100%|HC|  |TAMS 0x000000060d400000, 0x000000060d600000| Complete 
|  63|0x000000060d600000, 0x000000060d800000, 0x000000060d800000|100%|HC|  |TAMS 0x000000060d600000, 0x000000060d800000| Complete 
|  64|0x000000060d800000, 0x000000060da00000, 0x000000060da00000|100%|HC|  |TAMS 0x000000060d800000, 0x000000060da00000| Complete 
|  65|0x000000060da00000, 0x000000060dc00000, 0x000000060dc00000|100%|HC|  |TAMS 0x000000060da00000, 0x000000060dc00000| Complete 
|  66|0x000000060dc00000, 0x000000060de00000, 0x000000060de00000|100%|HC|  |TAMS 0x000000060dc00000, 0x000000060de00000| Complete 
|  67|0x000000060de00000, 0x000000060e000000, 0x000000060e000000|100%|HC|  |TAMS 0x000000060de00000, 0x000000060e000000| Complete 
|  68|0x000000060e000000, 0x000000060e200000, 0x000000060e200000|100%|HC|  |TAMS 0x000000060e000000, 0x000000060e200000| Complete 
|  69|0x000000060e200000, 0x000000060e400000, 0x000000060e400000|100%|HS|  |TAMS 0x000000060e200000, 0x000000060e400000| Complete 
|  70|0x000000060e400000, 0x000000060e600000, 0x000000060e600000|100%|HC|  |TAMS 0x000000060e400000, 0x000000060e600000| Complete 
|  71|0x000000060e600000, 0x000000060e800000, 0x000000060e800000|100%|HC|  |TAMS 0x000000060e600000, 0x000000060e800000| Complete 
|  72|0x000000060e800000, 0x000000060ea00000, 0x000000060ea00000|100%|HC|  |TAMS 0x000000060e800000, 0x000000060ea00000| Complete 
|  73|0x000000060ea00000, 0x000000060ec00000, 0x000000060ec00000|100%|HC|  |TAMS 0x000000060ea00000, 0x000000060ec00000| Complete 
|  74|0x000000060ec00000, 0x000000060ee00000, 0x000000060ee00000|100%|HC|  |TAMS 0x000000060ec00000, 0x000000060ee00000| Complete 
|  75|0x000000060ee00000, 0x000000060f000000, 0x000000060f000000|100%|HC|  |TAMS 0x000000060ee00000, 0x000000060f000000| Complete 
|  76|0x000000060f000000, 0x000000060f200000, 0x000000060f200000|100%|HC|  |TAMS 0x000000060f000000, 0x000000060f200000| Complete 
|  77|0x000000060f200000, 0x000000060f400000, 0x000000060f400000|100%|HC|  |TAMS 0x000000060f200000, 0x000000060f400000| Complete 
|  78|0x000000060f400000, 0x000000060f600000, 0x000000060f600000|100%|HS|  |TAMS 0x000000060f400000, 0x000000060f600000| Complete 
|  79|0x000000060f600000, 0x000000060f800000, 0x000000060f800000|100%|HC|  |TAMS 0x000000060f600000, 0x000000060f800000| Complete 
|  80|0x000000060f800000, 0x000000060fa00000, 0x000000060fa00000|100%|HC|  |TAMS 0x000000060f800000, 0x000000060fa00000| Complete 
|  81|0x000000060fa00000, 0x000000060fc00000, 0x000000060fc00000|100%|HC|  |TAMS 0x000000060fa00000, 0x000000060fc00000| Complete 
|  82|0x000000060fc00000, 0x000000060fe00000, 0x000000060fe00000|100%|HC|  |TAMS 0x000000060fc00000, 0x000000060fe00000| Complete 
|  83|0x000000060fe00000, 0x0000000610000000, 0x0000000610000000|100%|HC|  |TAMS 0x000000060fe00000, 0x0000000610000000| Complete 
|  84|0x0000000610000000, 0x0000000610200000, 0x0000000610200000|100%|HC|  |TAMS 0x0000000610000000, 0x0000000610200000| Complete 
|  85|0x0000000610200000, 0x0000000610400000, 0x0000000610400000|100%|HC|  |TAMS 0x0000000610200000, 0x0000000610400000| Complete 
|  86|0x0000000610400000, 0x0000000610600000, 0x0000000610600000|100%|HC|  |TAMS 0x0000000610400000, 0x0000000610600000| Complete 
|  87|0x0000000610600000, 0x0000000610800000, 0x0000000610800000|100%|HS|  |TAMS 0x0000000610600000, 0x0000000610800000| Complete 
|  88|0x0000000610800000, 0x0000000610a00000, 0x0000000610a00000|100%|HC|  |TAMS 0x0000000610800000, 0x0000000610a00000| Complete 
|  89|0x0000000610a00000, 0x0000000610c00000, 0x0000000610c00000|100%|HC|  |TAMS 0x0000000610a00000, 0x0000000610c00000| Complete 
|  90|0x0000000610c00000, 0x0000000610e00000, 0x0000000610e00000|100%|HC|  |TAMS 0x0000000610c00000, 0x0000000610e00000| Complete 
|  91|0x0000000610e00000, 0x0000000611000000, 0x0000000611000000|100%|HC|  |TAMS 0x0000000610e00000, 0x0000000611000000| Complete 
|  92|0x0000000611000000, 0x0000000611200000, 0x0000000611200000|100%|HC|  |TAMS 0x0000000611000000, 0x0000000611200000| Complete 
|  93|0x0000000611200000, 0x0000000611400000, 0x0000000611400000|100%|HC|  |TAMS 0x0000000611200000, 0x0000000611400000| Complete 
|  94|0x0000000611400000, 0x0000000611600000, 0x0000000611600000|100%|HC|  |TAMS 0x0000000611400000, 0x0000000611600000| Complete 
|  95|0x0000000611600000, 0x0000000611800000, 0x0000000611800000|100%|HC|  |TAMS 0x0000000611600000, 0x0000000611800000| Complete 
|  96|0x0000000611800000, 0x0000000611a00000, 0x0000000611a00000|100%|HS|  |TAMS 0x0000000611800000, 0x0000000611a00000| Complete 
|  97|0x0000000611a00000, 0x0000000611c00000, 0x0000000611c00000|100%|HC|  |TAMS 0x0000000611a00000, 0x0000000611c00000| Complete 
|  98|0x0000000611c00000, 0x0000000611e00000, 0x0000000611e00000|100%|HC|  |TAMS 0x0000000611c00000, 0x0000000611e00000| Complete 
|  99|0x0000000611e00000, 0x0000000612000000, 0x0000000612000000|100%|HC|  |TAMS 0x0000000611e00000, 0x0000000612000000| Complete 
| 100|0x0000000612000000, 0x0000000612200000, 0x0000000612200000|100%|HC|  |TAMS 0x0000000612000000, 0x0000000612200000| Complete 
| 101|0x0000000612200000, 0x0000000612400000, 0x0000000612400000|100%|HC|  |TAMS 0x0000000612200000, 0x0000000612400000| Complete 
| 102|0x0000000612400000, 0x0000000612600000, 0x0000000612600000|100%|HC|  |TAMS 0x0000000612400000, 0x0000000612600000| Complete 
| 103|0x0000000612600000, 0x0000000612800000, 0x0000000612800000|100%|HC|  |TAMS 0x0000000612600000, 0x0000000612800000| Complete 
| 104|0x0000000612800000, 0x0000000612a00000, 0x0000000612a00000|100%|HC|  |TAMS 0x0000000612800000, 0x0000000612a00000| Complete 
| 105|0x0000000612a00000, 0x0000000612c00000, 0x0000000612c00000|100%|HS|  |TAMS 0x0000000612a00000, 0x0000000612c00000| Complete 
| 106|0x0000000612c00000, 0x0000000612e00000, 0x0000000612e00000|100%|HC|  |TAMS 0x0000000612c00000, 0x0000000612e00000| Complete 
| 107|0x0000000612e00000, 0x0000000613000000, 0x0000000613000000|100%|HC|  |TAMS 0x0000000612e00000, 0x0000000613000000| Complete 
| 108|0x0000000613000000, 0x0000000613200000, 0x0000000613200000|100%|HC|  |TAMS 0x0000000613000000, 0x0000000613200000| Complete 
| 109|0x0000000613200000, 0x0000000613400000, 0x0000000613400000|100%|HC|  |TAMS 0x0000000613200000, 0x0000000613400000| Complete 
| 110|0x0000000613400000, 0x0000000613600000, 0x0000000613600000|100%|HC|  |TAMS 0x0000000613400000, 0x0000000613600000| Complete 
| 111|0x0000000613600000, 0x0000000613800000, 0x0000000613800000|100%|HC|  |TAMS 0x0000000613600000, 0x0000000613800000| Complete 
| 112|0x0000000613800000, 0x0000000613a00000, 0x0000000613a00000|100%|HC|  |TAMS 0x0000000613800000, 0x0000000613a00000| Complete 
| 113|0x0000000613a00000, 0x0000000613c00000, 0x0000000613c00000|100%|HC|  |TAMS 0x0000000613a00000, 0x0000000613c00000| Complete 
| 114|0x0000000613c00000, 0x0000000613d40200, 0x0000000613e00000| 62%| O|  |TAMS 0x0000000613c00000, 0x0000000613d40200| Untracked 
| 115|0x0000000613e00000, 0x0000000613e00000, 0x0000000614000000|  0%| F|  |TAMS 0x0000000613e00000, 0x0000000613e00000| Untracked 
| 116|0x0000000614000000, 0x0000000614000000, 0x0000000614200000|  0%| F|  |TAMS 0x0000000614000000, 0x0000000614000000| Untracked 
| 117|0x0000000614200000, 0x0000000614200000, 0x0000000614400000|  0%| F|  |TAMS 0x0000000614200000, 0x0000000614200000| Untracked 
| 118|0x0000000614400000, 0x0000000614400000, 0x0000000614600000|  0%| F|  |TAMS 0x0000000614400000, 0x0000000614400000| Untracked 
| 119|0x0000000614600000, 0x0000000614600000, 0x0000000614800000|  0%| F|  |TAMS 0x0000000614600000, 0x0000000614600000| Untracked 
| 120|0x0000000614800000, 0x0000000614800000, 0x0000000614a00000|  0%| F|  |TAMS 0x0000000614800000, 0x0000000614800000| Untracked 
| 121|0x0000000614a00000, 0x0000000614a00000, 0x0000000614c00000|  0%| F|  |TAMS 0x0000000614a00000, 0x0000000614a00000| Untracked 
| 122|0x0000000614c00000, 0x0000000614c00000, 0x0000000614e00000|  0%| F|  |TAMS 0x0000000614c00000, 0x0000000614c00000| Untracked 
| 123|0x0000000614e00000, 0x0000000614e00000, 0x0000000615000000|  0%| F|  |TAMS 0x0000000614e00000, 0x0000000614e00000| Untracked 
| 124|0x0000000615000000, 0x0000000615000000, 0x0000000615200000|  0%| F|  |TAMS 0x0000000615000000, 0x0000000615000000| Untracked 
| 125|0x0000000615200000, 0x0000000615200000, 0x0000000615400000|  0%| F|  |TAMS 0x0000000615200000, 0x0000000615200000| Untracked 
| 126|0x0000000615400000, 0x0000000615400000, 0x0000000615600000|  0%| F|  |TAMS 0x0000000615400000, 0x0000000615400000| Untracked 
| 127|0x0000000615600000, 0x0000000615600000, 0x0000000615800000|  0%| F|  |TAMS 0x0000000615600000, 0x0000000615600000| Untracked 
| 128|0x0000000615800000, 0x0000000615800000, 0x0000000615a00000|  0%| F|  |TAMS 0x0000000615800000, 0x0000000615800000| Untracked 
| 129|0x0000000615a00000, 0x0000000615a00000, 0x0000000615c00000|  0%| F|  |TAMS 0x0000000615a00000, 0x0000000615a00000| Untracked 
| 130|0x0000000615c00000, 0x0000000615c00000, 0x0000000615e00000|  0%| F|  |TAMS 0x0000000615c00000, 0x0000000615c00000| Untracked 
| 131|0x0000000615e00000, 0x0000000615e00000, 0x0000000616000000|  0%| F|  |TAMS 0x0000000615e00000, 0x0000000615e00000| Untracked 
| 132|0x0000000616000000, 0x0000000616000000, 0x0000000616200000|  0%| F|  |TAMS 0x0000000616000000, 0x0000000616000000| Untracked 
| 133|0x0000000616200000, 0x0000000616200000, 0x0000000616400000|  0%| F|  |TAMS 0x0000000616200000, 0x0000000616200000| Untracked 
| 134|0x0000000616400000, 0x0000000616400000, 0x0000000616600000|  0%| F|  |TAMS 0x0000000616400000, 0x0000000616400000| Untracked 
| 135|0x0000000616600000, 0x0000000616600000, 0x0000000616800000|  0%| F|  |TAMS 0x0000000616600000, 0x0000000616600000| Untracked 
| 136|0x0000000616800000, 0x0000000616800000, 0x0000000616a00000|  0%| F|  |TAMS 0x0000000616800000, 0x0000000616800000| Untracked 
| 137|0x0000000616a00000, 0x0000000616a00000, 0x0000000616c00000|  0%| F|  |TAMS 0x0000000616a00000, 0x0000000616a00000| Untracked 
| 138|0x0000000616c00000, 0x0000000616c00000, 0x0000000616e00000|  0%| F|  |TAMS 0x0000000616c00000, 0x0000000616c00000| Untracked 
| 139|0x0000000616e00000, 0x0000000616e00000, 0x0000000617000000|  0%| F|  |TAMS 0x0000000616e00000, 0x0000000616e00000| Untracked 
| 140|0x0000000617000000, 0x0000000617000000, 0x0000000617200000|  0%| F|  |TAMS 0x0000000617000000, 0x0000000617000000| Untracked 
| 141|0x0000000617200000, 0x0000000617200000, 0x0000000617400000|  0%| F|  |TAMS 0x0000000617200000, 0x0000000617200000| Untracked 
| 142|0x0000000617400000, 0x0000000617400000, 0x0000000617600000|  0%| F|  |TAMS 0x0000000617400000, 0x0000000617400000| Untracked 
| 143|0x0000000617600000, 0x0000000617600000, 0x0000000617800000|  0%| F|  |TAMS 0x0000000617600000, 0x0000000617600000| Untracked 
| 144|0x0000000617800000, 0x0000000617800000, 0x0000000617a00000|  0%| F|  |TAMS 0x0000000617800000, 0x0000000617800000| Untracked 
| 145|0x0000000617a00000, 0x0000000617a00000, 0x0000000617c00000|  0%| F|  |TAMS 0x0000000617a00000, 0x0000000617a00000| Untracked 
| 146|0x0000000617c00000, 0x0000000617c00000, 0x0000000617e00000|  0%| F|  |TAMS 0x0000000617c00000, 0x0000000617c00000| Untracked 
| 147|0x0000000617e00000, 0x0000000617e00000, 0x0000000618000000|  0%| F|  |TAMS 0x0000000617e00000, 0x0000000617e00000| Untracked 
| 148|0x0000000618000000, 0x0000000618000000, 0x0000000618200000|  0%| F|  |TAMS 0x0000000618000000, 0x0000000618000000| Untracked 
| 149|0x0000000618200000, 0x0000000618200000, 0x0000000618400000|  0%| F|  |TAMS 0x0000000618200000, 0x0000000618200000| Untracked 
| 150|0x0000000618400000, 0x0000000618400000, 0x0000000618600000|  0%| F|  |TAMS 0x0000000618400000, 0x0000000618400000| Untracked 
| 151|0x0000000618600000, 0x0000000618600000, 0x0000000618800000|  0%| F|  |TAMS 0x0000000618600000, 0x0000000618600000| Untracked 
| 152|0x0000000618800000, 0x0000000618800000, 0x0000000618a00000|  0%| F|  |TAMS 0x0000000618800000, 0x0000000618800000| Untracked 
| 153|0x0000000618a00000, 0x0000000618a00000, 0x0000000618c00000|  0%| F|  |TAMS 0x0000000618a00000, 0x0000000618a00000| Untracked 
| 154|0x0000000618c00000, 0x0000000618c00000, 0x0000000618e00000|  0%| F|  |TAMS 0x0000000618c00000, 0x0000000618c00000| Untracked 
| 155|0x0000000618e00000, 0x0000000618e00000, 0x0000000619000000|  0%| F|  |TAMS 0x0000000618e00000, 0x0000000618e00000| Untracked 
| 156|0x0000000619000000, 0x0000000619000000, 0x0000000619200000|  0%| F|  |TAMS 0x0000000619000000, 0x0000000619000000| Untracked 
| 157|0x0000000619200000, 0x0000000619200000, 0x0000000619400000|  0%| F|  |TAMS 0x0000000619200000, 0x0000000619200000| Untracked 
| 158|0x0000000619400000, 0x0000000619400000, 0x0000000619600000|  0%| F|  |TAMS 0x0000000619400000, 0x0000000619400000| Untracked 
| 159|0x0000000619600000, 0x0000000619600000, 0x0000000619800000|  0%| F|  |TAMS 0x0000000619600000, 0x0000000619600000| Untracked 
| 160|0x0000000619800000, 0x0000000619800000, 0x0000000619a00000|  0%| F|  |TAMS 0x0000000619800000, 0x0000000619800000| Untracked 
| 161|0x0000000619a00000, 0x0000000619a00000, 0x0000000619c00000|  0%| F|  |TAMS 0x0000000619a00000, 0x0000000619a00000| Untracked 
| 162|0x0000000619c00000, 0x0000000619c00000, 0x0000000619e00000|  0%| F|  |TAMS 0x0000000619c00000, 0x0000000619c00000| Untracked 
| 163|0x0000000619e00000, 0x0000000619e00000, 0x000000061a000000|  0%| F|  |TAMS 0x0000000619e00000, 0x0000000619e00000| Untracked 
| 164|0x000000061a000000, 0x000000061a000000, 0x000000061a200000|  0%| F|  |TAMS 0x000000061a000000, 0x000000061a000000| Untracked 
| 165|0x000000061a200000, 0x000000061a200000, 0x000000061a400000|  0%| F|  |TAMS 0x000000061a200000, 0x000000061a200000| Untracked 
| 166|0x000000061a400000, 0x000000061a400000, 0x000000061a600000|  0%| F|  |TAMS 0x000000061a400000, 0x000000061a400000| Untracked 
| 167|0x000000061a600000, 0x000000061a600000, 0x000000061a800000|  0%| F|  |TAMS 0x000000061a600000, 0x000000061a600000| Untracked 
| 168|0x000000061a800000, 0x000000061a800000, 0x000000061aa00000|  0%| F|  |TAMS 0x000000061a800000, 0x000000061a800000| Untracked 
| 169|0x000000061aa00000, 0x000000061aa00000, 0x000000061ac00000|  0%| F|  |TAMS 0x000000061aa00000, 0x000000061aa00000| Untracked 
| 170|0x000000061ac00000, 0x000000061ac00000, 0x000000061ae00000|  0%| F|  |TAMS 0x000000061ac00000, 0x000000061ac00000| Untracked 
| 171|0x000000061ae00000, 0x000000061ae00000, 0x000000061b000000|  0%| F|  |TAMS 0x000000061ae00000, 0x000000061ae00000| Untracked 
| 172|0x000000061b000000, 0x000000061b000000, 0x000000061b200000|  0%| F|  |TAMS 0x000000061b000000, 0x000000061b000000| Untracked 
| 173|0x000000061b200000, 0x000000061b200000, 0x000000061b400000|  0%| F|  |TAMS 0x000000061b200000, 0x000000061b200000| Untracked 
| 174|0x000000061b400000, 0x000000061b400000, 0x000000061b600000|  0%| F|  |TAMS 0x000000061b400000, 0x000000061b400000| Untracked 
| 175|0x000000061b600000, 0x000000061b600000, 0x000000061b800000|  0%| F|  |TAMS 0x000000061b600000, 0x000000061b600000| Untracked 
| 176|0x000000061b800000, 0x000000061b800000, 0x000000061ba00000|  0%| F|  |TAMS 0x000000061b800000, 0x000000061b800000| Untracked 
| 177|0x000000061ba00000, 0x000000061ba00000, 0x000000061bc00000|  0%| F|  |TAMS 0x000000061ba00000, 0x000000061ba00000| Untracked 
| 178|0x000000061bc00000, 0x000000061bc00000, 0x000000061be00000|  0%| F|  |TAMS 0x000000061bc00000, 0x000000061bc00000| Untracked 
| 179|0x000000061be00000, 0x000000061be00000, 0x000000061c000000|  0%| F|  |TAMS 0x000000061be00000, 0x000000061be00000| Untracked 
| 180|0x000000061c000000, 0x000000061c000000, 0x000000061c200000|  0%| F|  |TAMS 0x000000061c000000, 0x000000061c000000| Untracked 
| 181|0x000000061c200000, 0x000000061c200000, 0x000000061c400000|  0%| F|  |TAMS 0x000000061c200000, 0x000000061c200000| Untracked 
| 182|0x000000061c400000, 0x000000061c400000, 0x000000061c600000|  0%| F|  |TAMS 0x000000061c400000, 0x000000061c400000| Untracked 
| 183|0x000000061c600000, 0x000000061c600000, 0x000000061c800000|  0%| F|  |TAMS 0x000000061c600000, 0x000000061c600000| Untracked 
| 184|0x000000061c800000, 0x000000061c800000, 0x000000061ca00000|  0%| F|  |TAMS 0x000000061c800000, 0x000000061c800000| Untracked 
| 185|0x000000061ca00000, 0x000000061ca00000, 0x000000061cc00000|  0%| F|  |TAMS 0x000000061ca00000, 0x000000061ca00000| Untracked 
| 186|0x000000061cc00000, 0x000000061cc00000, 0x000000061ce00000|  0%| F|  |TAMS 0x000000061cc00000, 0x000000061cc00000| Untracked 
| 187|0x000000061ce00000, 0x000000061ce00000, 0x000000061d000000|  0%| F|  |TAMS 0x000000061ce00000, 0x000000061ce00000| Untracked 
| 188|0x000000061d000000, 0x000000061d000000, 0x000000061d200000|  0%| F|  |TAMS 0x000000061d000000, 0x000000061d000000| Untracked 
| 189|0x000000061d200000, 0x000000061d200000, 0x000000061d400000|  0%| F|  |TAMS 0x000000061d200000, 0x000000061d200000| Untracked 
| 190|0x000000061d400000, 0x000000061d400000, 0x000000061d600000|  0%| F|  |TAMS 0x000000061d400000, 0x000000061d400000| Untracked 
| 191|0x000000061d600000, 0x000000061d600000, 0x000000061d800000|  0%| F|  |TAMS 0x000000061d600000, 0x000000061d600000| Untracked 
| 192|0x000000061d800000, 0x000000061d800000, 0x000000061da00000|  0%| F|  |TAMS 0x000000061d800000, 0x000000061d800000| Untracked 
| 193|0x000000061da00000, 0x000000061da00000, 0x000000061dc00000|  0%| F|  |TAMS 0x000000061da00000, 0x000000061da00000| Untracked 
| 194|0x000000061dc00000, 0x000000061dc00000, 0x000000061de00000|  0%| F|  |TAMS 0x000000061dc00000, 0x000000061dc00000| Untracked 
| 195|0x000000061de00000, 0x000000061de00000, 0x000000061e000000|  0%| F|  |TAMS 0x000000061de00000, 0x000000061de00000| Untracked 
| 196|0x000000061e000000, 0x000000061e000000, 0x000000061e200000|  0%| F|  |TAMS 0x000000061e000000, 0x000000061e000000| Untracked 
| 197|0x000000061e200000, 0x000000061e200000, 0x000000061e400000|  0%| F|  |TAMS 0x000000061e200000, 0x000000061e200000| Untracked 
| 198|0x000000061e400000, 0x000000061e400000, 0x000000061e600000|  0%| F|  |TAMS 0x000000061e400000, 0x000000061e400000| Untracked 
| 199|0x000000061e600000, 0x000000061e600000, 0x000000061e800000|  0%| F|  |TAMS 0x000000061e600000, 0x000000061e600000| Untracked 
| 200|0x000000061e800000, 0x000000061e800000, 0x000000061ea00000|  0%| F|  |TAMS 0x000000061e800000, 0x000000061e800000| Untracked 
| 201|0x000000061ea00000, 0x000000061ea00000, 0x000000061ec00000|  0%| F|  |TAMS 0x000000061ea00000, 0x000000061ea00000| Untracked 
| 202|0x000000061ec00000, 0x000000061ec00000, 0x000000061ee00000|  0%| F|  |TAMS 0x000000061ec00000, 0x000000061ec00000| Untracked 
| 203|0x000000061ee00000, 0x000000061ee00000, 0x000000061f000000|  0%| F|  |TAMS 0x000000061ee00000, 0x000000061ee00000| Untracked 
| 204|0x000000061f000000, 0x000000061f000000, 0x000000061f200000|  0%| F|  |TAMS 0x000000061f000000, 0x000000061f000000| Untracked 
| 205|0x000000061f200000, 0x000000061f200000, 0x000000061f400000|  0%| F|  |TAMS 0x000000061f200000, 0x000000061f200000| Untracked 
| 206|0x000000061f400000, 0x000000061f400000, 0x000000061f600000|  0%| F|  |TAMS 0x000000061f400000, 0x000000061f400000| Untracked 
| 207|0x000000061f600000, 0x000000061f600000, 0x000000061f800000|  0%| F|  |TAMS 0x000000061f600000, 0x000000061f600000| Untracked 
| 208|0x000000061f800000, 0x000000061f800000, 0x000000061fa00000|  0%| F|  |TAMS 0x000000061f800000, 0x000000061f800000| Untracked 
| 209|0x000000061fa00000, 0x000000061fa00000, 0x000000061fc00000|  0%| F|  |TAMS 0x000000061fa00000, 0x000000061fa00000| Untracked 
| 210|0x000000061fc00000, 0x000000061fc00000, 0x000000061fe00000|  0%| F|  |TAMS 0x000000061fc00000, 0x000000061fc00000| Untracked 
| 211|0x000000061fe00000, 0x000000061fe00000, 0x0000000620000000|  0%| F|  |TAMS 0x000000061fe00000, 0x000000061fe00000| Untracked 
| 212|0x0000000620000000, 0x0000000620000000, 0x0000000620200000|  0%| F|  |TAMS 0x0000000620000000, 0x0000000620000000| Untracked 
| 213|0x0000000620200000, 0x0000000620200000, 0x0000000620400000|  0%| F|  |TAMS 0x0000000620200000, 0x0000000620200000| Untracked 
| 214|0x0000000620400000, 0x0000000620400000, 0x0000000620600000|  0%| F|  |TAMS 0x0000000620400000, 0x0000000620400000| Untracked 
| 215|0x0000000620600000, 0x0000000620600000, 0x0000000620800000|  0%| F|  |TAMS 0x0000000620600000, 0x0000000620600000| Untracked 
| 216|0x0000000620800000, 0x0000000620800000, 0x0000000620a00000|  0%| F|  |TAMS 0x0000000620800000, 0x0000000620800000| Untracked 
| 217|0x0000000620a00000, 0x0000000620a00000, 0x0000000620c00000|  0%| F|  |TAMS 0x0000000620a00000, 0x0000000620a00000| Untracked 
| 218|0x0000000620c00000, 0x0000000620c00000, 0x0000000620e00000|  0%| F|  |TAMS 0x0000000620c00000, 0x0000000620c00000| Untracked 
| 219|0x0000000620e00000, 0x0000000620e00000, 0x0000000621000000|  0%| F|  |TAMS 0x0000000620e00000, 0x0000000620e00000| Untracked 
| 220|0x0000000621000000, 0x0000000621000000, 0x0000000621200000|  0%| F|  |TAMS 0x0000000621000000, 0x0000000621000000| Untracked 
| 221|0x0000000621200000, 0x0000000621200000, 0x0000000621400000|  0%| F|  |TAMS 0x0000000621200000, 0x0000000621200000| Untracked 
| 222|0x0000000621400000, 0x0000000621400000, 0x0000000621600000|  0%| F|  |TAMS 0x0000000621400000, 0x0000000621400000| Untracked 
| 223|0x0000000621600000, 0x0000000621600000, 0x0000000621800000|  0%| F|  |TAMS 0x0000000621600000, 0x0000000621600000| Untracked 
| 224|0x0000000621800000, 0x0000000621800000, 0x0000000621a00000|  0%| F|  |TAMS 0x0000000621800000, 0x0000000621800000| Untracked 
| 225|0x0000000621a00000, 0x0000000621a00000, 0x0000000621c00000|  0%| F|  |TAMS 0x0000000621a00000, 0x0000000621a00000| Untracked 
| 226|0x0000000621c00000, 0x0000000621c00000, 0x0000000621e00000|  0%| F|  |TAMS 0x0000000621c00000, 0x0000000621c00000| Untracked 
| 227|0x0000000621e00000, 0x0000000621e00000, 0x0000000622000000|  0%| F|  |TAMS 0x0000000621e00000, 0x0000000621e00000| Untracked 
| 228|0x0000000622000000, 0x0000000622000000, 0x0000000622200000|  0%| F|  |TAMS 0x0000000622000000, 0x0000000622000000| Untracked 
| 229|0x0000000622200000, 0x0000000622200000, 0x0000000622400000|  0%| F|  |TAMS 0x0000000622200000, 0x0000000622200000| Untracked 
| 230|0x0000000622400000, 0x0000000622400000, 0x0000000622600000|  0%| F|  |TAMS 0x0000000622400000, 0x0000000622400000| Untracked 
| 231|0x0000000622600000, 0x0000000622600000, 0x0000000622800000|  0%| F|  |TAMS 0x0000000622600000, 0x0000000622600000| Untracked 
| 232|0x0000000622800000, 0x0000000622800000, 0x0000000622a00000|  0%| F|  |TAMS 0x0000000622800000, 0x0000000622800000| Untracked 
| 233|0x0000000622a00000, 0x0000000622ad0458, 0x0000000622c00000| 40%| S|CS|TAMS 0x0000000622a00000, 0x0000000622a00000| Complete 
| 234|0x0000000622c00000, 0x0000000622e00000, 0x0000000622e00000|100%| S|CS|TAMS 0x0000000622c00000, 0x0000000622c00000| Complete 
| 235|0x0000000622e00000, 0x0000000623000000, 0x0000000623000000|100%| S|CS|TAMS 0x0000000622e00000, 0x0000000622e00000| Complete 
| 236|0x0000000623000000, 0x0000000623200000, 0x0000000623200000|100%| S|CS|TAMS 0x0000000623000000, 0x0000000623000000| Complete 
| 237|0x0000000623200000, 0x0000000623400000, 0x0000000623400000|100%| S|CS|TAMS 0x0000000623200000, 0x0000000623200000| Complete 
| 238|0x0000000623400000, 0x0000000623400000, 0x0000000623600000|  0%| F|  |TAMS 0x0000000623400000, 0x0000000623400000| Untracked 
| 239|0x0000000623600000, 0x0000000623600000, 0x0000000623800000|  0%| F|  |TAMS 0x0000000623600000, 0x0000000623600000| Untracked 
| 240|0x0000000623800000, 0x0000000623800000, 0x0000000623a00000|  0%| F|  |TAMS 0x0000000623800000, 0x0000000623800000| Untracked 
| 241|0x0000000623a00000, 0x0000000623a00000, 0x0000000623c00000|  0%| F|  |TAMS 0x0000000623a00000, 0x0000000623a00000| Untracked 
| 242|0x0000000623c00000, 0x0000000623c00000, 0x0000000623e00000|  0%| F|  |TAMS 0x0000000623c00000, 0x0000000623c00000| Untracked 
| 243|0x0000000623e00000, 0x0000000623e00000, 0x0000000624000000|  0%| F|  |TAMS 0x0000000623e00000, 0x0000000623e00000| Untracked 
| 244|0x0000000624000000, 0x0000000624000000, 0x0000000624200000|  0%| F|  |TAMS 0x0000000624000000, 0x0000000624000000| Untracked 
| 245|0x0000000624200000, 0x0000000624200000, 0x0000000624400000|  0%| F|  |TAMS 0x0000000624200000, 0x0000000624200000| Untracked 
| 246|0x0000000624400000, 0x0000000624400000, 0x0000000624600000|  0%| F|  |TAMS 0x0000000624400000, 0x0000000624400000| Untracked 
| 247|0x0000000624600000, 0x0000000624600000, 0x0000000624800000|  0%| F|  |TAMS 0x0000000624600000, 0x0000000624600000| Untracked 
| 248|0x0000000624800000, 0x0000000624800000, 0x0000000624a00000|  0%| F|  |TAMS 0x0000000624800000, 0x0000000624800000| Untracked 
| 249|0x0000000624a00000, 0x0000000624a00000, 0x0000000624c00000|  0%| F|  |TAMS 0x0000000624a00000, 0x0000000624a00000| Untracked 
| 250|0x0000000624c00000, 0x0000000624c00000, 0x0000000624e00000|  0%| F|  |TAMS 0x0000000624c00000, 0x0000000624c00000| Untracked 
| 251|0x0000000624e00000, 0x0000000624e00000, 0x0000000625000000|  0%| F|  |TAMS 0x0000000624e00000, 0x0000000624e00000| Untracked 
| 252|0x0000000625000000, 0x0000000625000000, 0x0000000625200000|  0%| F|  |TAMS 0x0000000625000000, 0x0000000625000000| Untracked 
| 253|0x0000000625200000, 0x0000000625200000, 0x0000000625400000|  0%| F|  |TAMS 0x0000000625200000, 0x0000000625200000| Untracked 

Card table byte_map: [0x00000227661f0000,0x00000227671d0000] _byte_map_base: 0x00000227631c4000

Marking Bits (Prev, Next): (CMBitMap*) 0x000002277801ad58, (CMBitMap*) 0x000002277801ad90
 Prev Bits: [0x00000227681b0000, 0x0000022770050000)
 Next Bits: [0x0000022770050000, 0x0000022777ef0000)

Polling page: 0x000002274d0d0000

Metaspace:

Usage:
  Non-class:     32.47 MB capacity,    31.91 MB ( 98%) used,   470.23 KB (  1%) free+waste,   107.81 KB ( <1%) overhead. 
      Class:      4.56 MB capacity,     4.18 MB ( 92%) used,   337.37 KB (  7%) free+waste,    53.88 KB (  1%) overhead. 
       Both:     37.03 MB capacity,    36.08 MB ( 97%) used,   807.60 KB (  2%) free+waste,   161.69 KB ( <1%) overhead. 

Virtual space:
  Non-class space:       34.00 MB reserved,      32.67 MB ( 96%) committed 
      Class space:        1.00 GB reserved,       4.63 MB ( <1%) committed 
             Both:        1.03 GB reserved,      37.30 MB (  4%) committed 

Chunk freelists:
   Non-Class:  12.00 KB
       Class:  5.00 KB
        Both:  17.00 KB

CodeHeap 'non-profiled nmethods': size=120000Kb used=1320Kb max_used=1433Kb free=118679Kb
 bounds [0x000002275d9b0000, 0x000002275dc20000, 0x0000022764ee0000]
CodeHeap 'profiled nmethods': size=120000Kb used=6553Kb max_used=7016Kb free=113446Kb
 bounds [0x0000022756480000, 0x0000022756b60000, 0x000002275d9b0000]
CodeHeap 'non-nmethods': size=5760Kb used=1221Kb max_used=1307Kb free=4538Kb
 bounds [0x0000022755ee0000, 0x0000022756150000, 0x0000022756480000]
 total_blobs=4916 nmethods=3218 adapters=466
 compilation: enabled
              stopped_count=0, restarted_count=0
 full_count=0

Compilation events (10 events):
Event: 2058.981 Thread 0x000002277ac8a800 3594       3       java.lang.Math::multiplyExact (74 bytes)
Event: 2058.981 Thread 0x000002277ac8a800 nmethod 3594 0x0000022756494090 code [0x0000022756494280, 0x00000227564947f0]
Event: 2058.985 Thread 0x000002277ac85000 3595       4       java.lang.PublicMethods$MethodList::filter (104 bytes)
Event: 2058.994 Thread 0x000002277ac8a800 3596       3       java.lang.Integer::equals (29 bytes)
Event: 2058.995 Thread 0x000002277ac8a800 nmethod 3596 0x0000022756493990 code [0x0000022756493b60, 0x0000022756493f98]
Event: 2059.006 Thread 0x000002277ac85000 nmethod 3595 0x000002275d9ee490 code [0x000002275d9ee660, 0x000002275d9eedf8]
Event: 2059.008 Thread 0x000002277ac85000 3597       4       io.netty.buffer.AbstractReferenceCountedByteBuf::isAccessible (8 bytes)
Event: 2059.009 Thread 0x000002277ac85000 nmethod 3597 0x000002275d9be010 code [0x000002275d9be1a0, 0x000002275d9be218]
Event: 2240.986 Thread 0x000002277ac8a800 3598       3       io.netty.util.concurrent.DefaultPromise::cause0 (61 bytes)
Event: 2240.987 Thread 0x000002277ac8a800 nmethod 3598 0x0000022756492b10 code [0x0000022756492d60, 0x0000022756493720]

GC Heap History (10 events):
Event: 1.151 GC heap after
{Heap after GC invocations=1 (full 0):
 garbage-first heap   total 520192K, used 13134K [0x0000000605800000, 0x0000000800000000)
  region size 2048K, 2 young (4096K), 2 survivors (4096K)
 Metaspace       used 11809K, capacity 12065K, committed 12288K, reserved 1060864K
  class space    used 1118K, capacity 1185K, committed 1280K, reserved 1048576K
}
Event: 1.529 GC heap before
{Heap before GC invocations=1 (full 0):
 garbage-first heap   total 520192K, used 33614K [0x0000000605800000, 0x0000000800000000)
  region size 2048K, 12 young (24576K), 2 survivors (4096K)
 Metaspace       used 15131K, capacity 15522K, committed 15872K, reserved 1062912K
  class space    used 1553K, capacity 1681K, committed 1792K, reserved 1048576K
}
Event: 1.550 GC heap after
{Heap after GC invocations=2 (full 0):
 garbage-first heap   total 520192K, used 13692K [0x0000000605800000, 0x0000000800000000)
  region size 2048K, 1 young (2048K), 1 survivors (2048K)
 Metaspace       used 15131K, capacity 15522K, committed 15872K, reserved 1062912K
  class space    used 1553K, capacity 1681K, committed 1792K, reserved 1048576K
}
Event: 2.172 GC heap before
{Heap before GC invocations=2 (full 0):
 garbage-first heap   total 520192K, used 42364K [0x0000000605800000, 0x0000000800000000)
  region size 2048K, 16 young (32768K), 1 survivors (2048K)
 Metaspace       used 20845K, capacity 21197K, committed 21296K, reserved 1069056K
  class space    used 2286K, capacity 2424K, committed 2432K, reserved 1048576K
}
Event: 2.222 GC heap after
{Heap after GC invocations=3 (full 0):
 garbage-first heap   total 520192K, used 15559K [0x0000000605800000, 0x0000000800000000)
  region size 2048K, 2 young (4096K), 2 survivors (4096K)
 Metaspace       used 20845K, capacity 21197K, committed 21296K, reserved 1069056K
  class space    used 2286K, capacity 2424K, committed 2432K, reserved 1048576K
}
Event: 6.696 GC heap before
{Heap before GC invocations=4 (full 0):
 garbage-first heap   total 520192K, used 83143K [0x0000000605800000, 0x0000000800000000)
  region size 2048K, 26 young (53248K), 2 survivors (4096K)
 Metaspace       used 30770K, capacity 31534K, committed 31792K, reserved 1077248K
  class space    used 3566K, capacity 3881K, committed 3968K, reserved 1048576K
}
Event: 6.703 GC heap after
{Heap after GC invocations=5 (full 0):
 garbage-first heap   total 520192K, used 36516K [0x0000000605800000, 0x0000000800000000)
  region size 2048K, 3 young (6144K), 3 survivors (6144K)
 Metaspace       used 30770K, capacity 31534K, committed 31792K, reserved 1077248K
  class space    used 3566K, capacity 3881K, committed 3968K, reserved 1048576K
}
Event: 7.431 GC heap before
{Heap before GC invocations=5 (full 0):
 garbage-first heap   total 520192K, used 97956K [0x0000000605800000, 0x0000000800000000)
  region size 2048K, 34 young (69632K), 3 survivors (6144K)
 Metaspace       used 34973K, capacity 35820K, committed 35888K, reserved 1081344K
  class space    used 4111K, capacity 4469K, committed 4480K, reserved 1048576K
}
Event: 7.477 GC heap after
{Heap after GC invocations=6 (full 0):
 garbage-first heap   total 520192K, used 38653K [0x0000000605800000, 0x0000000800000000)
  region size 2048K, 4 young (8192K), 4 survivors (8192K)
 Metaspace       used 34973K, capacity 35820K, committed 35888K, reserved 1081344K
  class space    used 4111K, capacity 4469K, committed 4480K, reserved 1048576K
}
Event: 2241.004 GC heap before
{Heap before GC invocations=7 (full 0):
 garbage-first heap   total 520192K, used 272125K [0x0000000605800000, 0x0000000800000000)
  region size 2048K, 20 young (40960K), 4 survivors (8192K)
 Metaspace       used 36949K, capacity 37919K, committed 38192K, reserved 1083392K
  class space    used 4275K, capacity 4667K, committed 4736K, reserved 1048576K
}

Deoptimization events (10 events):
Event: 7.601 Thread 0x000002274d965800 Uncommon trap: reason=unstable_if action=reinterpret pc=0x000002275da2f8d4 method=java.lang.String.regionMatches(ZILjava/lang/String;II)Z @ 21 c2
Event: 7.671 Thread 0x000002277c7f3800 Uncommon trap: reason=class_check action=maybe_recompile pc=0x000002275dab6534 method=java.io.FilterInputStream.read([BII)I @ 7 c2
Event: 7.671 Thread 0x000002277c7f3800 Uncommon trap: reason=class_check action=maybe_recompile pc=0x000002275dab0be8 method=java.io.FilterInputStream.read()I @ 4 c2
Event: 7.698 Thread 0x000002277c7f3800 Uncommon trap: reason=class_check action=maybe_recompile pc=0x000002275dab6534 method=java.io.FilterInputStream.read([BII)I @ 7 c2
Event: 7.698 Thread 0x000002277c7f3800 Uncommon trap: reason=class_check action=maybe_recompile pc=0x000002275dab0be8 method=java.io.FilterInputStream.read()I @ 4 c2
Event: 7.749 Thread 0x000002277c7f3800 Uncommon trap: reason=class_check action=maybe_recompile pc=0x000002275dab6534 method=java.io.FilterInputStream.read([BII)I @ 7 c2
Event: 7.749 Thread 0x000002277c7f3800 Uncommon trap: reason=class_check action=maybe_recompile pc=0x000002275dab0be8 method=java.io.FilterInputStream.read()I @ 4 c2
Event: 7.768 Thread 0x000002277c7f3800 Uncommon trap: reason=class_check action=maybe_recompile pc=0x000002275dab6534 method=java.io.FilterInputStream.read([BII)I @ 7 c2
Event: 7.768 Thread 0x000002277c7f3800 Uncommon trap: reason=class_check action=maybe_recompile pc=0x000002275dab0be8 method=java.io.FilterInputStream.read()I @ 4 c2
Event: 40.896 Thread 0x000002277c7f3800 Uncommon trap: reason=speculate_null_check action=make_not_entrant pc=0x000002275db0bc58 method=sun.misc.Unsafe.putByte(Ljava/lang/Object;JB)V @ 7 c2

Classes redefined (0 events):
No events

Internal exceptions (10 events):
Event: 6.736 Thread 0x000002274d965800 Exception <a 'java/lang/NoSuchMethodError'{0x00000006252fbe08}: java.lang.invoke.DirectMethodHandle$Holder.invokeStaticInit(Ljava/lang/Object;Ljava/lang/Object;II)Ljava/lang/Object;> (0x00000006252fbe08) thrown at [c:/tools/cygwin/home/Administrator/devel
Event: 6.855 Thread 0x000002274d965800 Exception <a 'java/lang/NoSuchMethodError'{0x0000000624f69eb0}: java.lang.invoke.DirectMethodHandle$Holder.newInvokeSpecial(Ljava/lang/Object;Ljava/lang/Object;Ljava/lang/Object;)Ljava/lang/Object;> (0x0000000624f69eb0) thrown at [c:/tools/cygwin/home/Adm
Event: 6.910 Thread 0x000002274d965800 Implicit null exception at 0x000002275da9b33b to 0x000002275da9ba48
Event: 6.956 Thread 0x000002274d965800 Implicit null exception at 0x000002275da25144 to 0x000002275da25a46
Event: 7.029 Thread 0x000002274d965800 Exception <a 'java/lang/NoSuchMethodError'{0x000000062462df98}: java.lang.invoke.DirectMethodHandle$Holder.invokeStatic(Ljava/lang/Object;Ljava/lang/Object;ILjava/lang/Object;)Ljava/lang/Object;> (0x000000062462df98) thrown at [c:/tools/cygwin/home/Admini
Event: 7.030 Thread 0x000002274d965800 Exception <a 'java/lang/NoSuchMethodError'{0x0000000624632060}: java.lang.invoke.DirectMethodHandle$Holder.invokeSpecial(Ljava/lang/Object;Ljava/lang/Object;Ljava/lang/Object;ILjava/lang/Object;)Ljava/lang/Object;> (0x0000000624632060) thrown at [c:/tools
Event: 7.030 Thread 0x000002274d965800 Exception <a 'java/lang/NoSuchMethodError'{0x0000000624635a40}: java.lang.invoke.Invokers$Holder.linkToTargetMethod(Ljava/lang/Object;ILjava/lang/Object;Ljava/lang/Object;)Ljava/lang/Object;> (0x0000000624635a40) thrown at [c:/tools/cygwin/home/Administra
Event: 7.488 Thread 0x000002274d965800 Exception <a 'java/lang/NoSuchMethodError'{0x0000000625254f80}: java.lang.invoke.DirectMethodHandle$Holder.invokeSpecial(Ljava/lang/Object;Ljava/lang/Object;)V> (0x0000000625254f80) thrown at [c:/tools/cygwin/home/Administrator/development/Corretto11Src/s
Event: 7.617 Thread 0x000002274d965800 Exception <a 'java/lang/NoSuchMethodError'{0x0000000624f21908}: java.lang.invoke.DirectMethodHandle$Holder.invokeVirtual(Ljava/lang/Object;Ljava/lang/Object;I)Ljava/lang/Object;> (0x0000000624f21908) thrown at [c:/tools/cygwin/home/Administrator/developme
Event: 7.619 Thread 0x000002274d965800 Exception <a 'java/lang/NoSuchMethodError'{0x0000000624f321a8}: java.lang.invoke.DirectMethodHandle$Holder.invokeVirtual(Ljava/lang/Object;Ljava/lang/Object;I)V> (0x0000000624f321a8) thrown at [c:/tools/cygwin/home/Administrator/development/Corretto11Src/

Events (10 events):
Event: 2240.985 Executing VM operation: RevokeBias done
Event: 2240.986 Executing VM operation: RevokeBias
Event: 2240.986 Executing VM operation: RevokeBias done
Event: 2240.986 Executing VM operation: RevokeBias
Event: 2240.986 Executing VM operation: RevokeBias done
Event: 2240.986 Executing VM operation: RevokeBias
Event: 2240.986 Executing VM operation: RevokeBias done
Event: 2240.987 Executing VM operation: RevokeBias
Event: 2240.987 Executing VM operation: RevokeBias done
Event: 2241.004 Executing VM operation: G1CollectForAllocation


Dynamic libraries:
0x00007ff68d740000 - 0x00007ff68d786000 	C:\Program Files\Amazon Corretto\jdk11.0.3_7\bin\javaw.exe
0x00007ff880d00000 - 0x00007ff880ed0000 	C:\Windows\SYSTEM32\ntdll.dll
0x00007ff880520000 - 0x00007ff8805cc000 	C:\Windows\System32\h_wjcivn.dll
0x00007ff87de40000 - 0x00007ff87e05c000 	C:\Windows\System32\a_ssxylrgx.dll
0x00007ff880d00000 - 0x00007ff880ed0000 	C:\Windows\SYSTEM32\ntdll.dll
0x00007ff880520000 - 0x00007ff8805cc000 	C:\Windows\System32\h_wjcivn.dll
0x00007ff87de40000 - 0x00007ff87e05c000 	C:\Windows\System32\a_ssxylrgx.dll
0x00007ff880980000 - 0x00007ff880ae5000 	C:\Windows\System32\USER32.dll
0x00007ff87d240000 - 0x00007ff87d25e000 	C:\Windows\System32\win32u.dll
0x00007ff880bf0000 - 0x00007ff880c24000 	C:\Windows\System32\GDI32.dll
0x00007ff87da40000 - 0x00007ff87dbc1000 	C:\Windows\System32\gdi32full.dll
0x00007ff870bc0000 - 0x00007ff870e3a000 	C:\Windows\WinSxS\amd64_microsoft.windows.common-controls_6595b64144ccf1df_6.0.14393.2938_none_7dddccf083445486\COMCTL32.dll
0x00007ff87fea0000 - 0x00007ff87ff3e000 	C:\Windows\System32\msvcrt.dll
0x00007ff8806b0000 - 0x00007ff880975000 	C:\Windows\System32\combase.dll
0x00007ff87d940000 - 0x00007ff87da34000 	C:\Windows\System32\ucrtbase.dll
0x00007ff87e290000 - 0x00007ff87e3b1000 	C:\Windows\System32\RPCRT4.dll
0x00007ff87dbd0000 - 0x00007ff87dc3a000 	C:\Windows\System32\bcryptPrimitives.dll
0x00007ff87fb10000 - 0x00007ff87fb3e000 	C:\Windows\System32\IMM32.DLL
0x00007ff854010000 - 0x00007ff854145000 	C:\Program Files\Cisco\AMP\exprev\Protector64.dll
0x00007ff87fcb0000 - 0x00007ff87fd52000 	C:\Windows\System32\ADVAPI32.dll
0x00007ff880650000 - 0x00007ff8806a9000 	C:\Windows\System32\sechost.dll
0x00007ff87e480000 - 0x00007ff87f985000 	C:\Windows\System32\SHELL32.dll
0x00007ff87d1f0000 - 0x00007ff87d232000 	C:\Windows\System32\cfgmgr32.dll
0x00007ff87d260000 - 0x00007ff87d939000 	C:\Windows\System32\windows.storage.dll
0x00007ff87d1a0000 - 0x00007ff87d1ec000 	C:\Windows\System32\powrprof.dll
0x00007ff87fa50000 - 0x00007ff87faa2000 	C:\Windows\System32\shlwapi.dll
0x00007ff87d180000 - 0x00007ff87d18f000 	C:\Windows\System32\kernel.appcore.dll
0x00007ff87dce0000 - 0x00007ff87dd89000 	C:\Windows\System32\shcore.dll
0x00007ff87d160000 - 0x00007ff87d174000 	C:\Windows\System32\profapi.dll
0x00007ff87e3c0000 - 0x00007ff87e480000 	C:\Windows\System32\OLEAUT32.dll
0x00007ff87dc40000 - 0x00007ff87dcdc000 	C:\Windows\System32\msvcp_win.dll
0x00007ff874010000 - 0x00007ff87401a000 	C:\Windows\SYSTEM32\VERSION.dll
0x00007ff87be50000 - 0x00007ff87be82000 	C:\Windows\SYSTEM32\ntmarta.dll
0x00007ff8725e0000 - 0x00007ff8725f5000 	C:\Program Files\Amazon Corretto\jdk11.0.3_7\bin\vcruntime140.dll
0x00007ff852440000 - 0x00007ff8524db000 	C:\Program Files\Amazon Corretto\jdk11.0.3_7\bin\msvcp140.dll
0x00007ff836b50000 - 0x00007ff837603000 	C:\Program Files\Amazon Corretto\jdk11.0.3_7\bin\server\jvm.dll
0x00007ff8800e0000 - 0x00007ff8800e8000 	C:\Windows\System32\PSAPI.DLL
0x00007ff873200000 - 0x00007ff873209000 	C:\Windows\SYSTEM32\WSOCK32.dll
0x00007ff880c30000 - 0x00007ff880c9a000 	C:\Windows\System32\WS2_32.dll
0x00007ff87b570000 - 0x00007ff87b593000 	C:\Windows\SYSTEM32\WINMM.dll
0x00007ff87b540000 - 0x00007ff87b56b000 	C:\Windows\SYSTEM32\WINMMBASE.dll
0x00007ff87b820000 - 0x00007ff87b830000 	C:\Program Files\Amazon Corretto\jdk11.0.3_7\bin\verify.dll
0x00007ff858ed0000 - 0x00007ff859062000 	C:\Windows\SYSTEM32\DBGHELP.DLL
0x00007ff858e50000 - 0x00007ff858e79000 	C:\Windows\SYSTEM32\dbgcore.DLL
0x00007ff8744c0000 - 0x00007ff8744e8000 	C:\Program Files\Amazon Corretto\jdk11.0.3_7\bin\java.dll
0x00007ff873f50000 - 0x00007ff873f66000 	C:\Program Files\Amazon Corretto\jdk11.0.3_7\bin\zip.dll
0x00007ff87a890000 - 0x00007ff87a89a000 	C:\Program Files\Amazon Corretto\jdk11.0.3_7\bin\jimage.dll
0x00007ff873d30000 - 0x00007ff873d49000 	C:\Program Files\Amazon Corretto\jdk11.0.3_7\bin\net.dll
0x00007ff879e90000 - 0x00007ff879f5c000 	C:\Windows\SYSTEM32\WINHTTP.dll
0x00007ff874ee0000 - 0x00007ff8750a2000 	C:\Windows\SYSTEM32\urlmon.dll
0x00007ff8775f0000 - 0x00007ff8778a0000 	C:\Windows\SYSTEM32\iertutil.dll
0x00007ff87ca30000 - 0x00007ff87ca8c000 	C:\Windows\system32\mswsock.dll
0x00007ff873d00000 - 0x00007ff873d12000 	C:\Program Files\Amazon Corretto\jdk11.0.3_7\bin\nio.dll
0x00007ff8745a0000 - 0x00007ff8745a9000 	C:\Program Files\Amazon Corretto\jdk11.0.3_7\bin\prefs.dll
0x00007ff87a870000 - 0x00007ff87a87d000 	C:\Program Files\Amazon Corretto\jdk11.0.3_7\bin\sunmscapi.dll
0x000002277d140000 - 0x000002277d309000 	C:\Windows\System32\CRYPT32.dll
0x00007ff87d190000 - 0x00007ff87d1a0000 	C:\Windows\System32\MSASN1.dll
0x00007ff87ccb0000 - 0x00007ff87ccd6000 	C:\Windows\SYSTEM32\ncrypt.dll
0x00007ff87d0b0000 - 0x00007ff87d0db000 	C:\Windows\SYSTEM32\bcrypt.dll
0x00007ff87cc70000 - 0x00007ff87ccab000 	C:\Windows\SYSTEM32\NTASN1.dll
0x00007ff863b70000 - 0x00007ff863b95000 	C:\Program Files\Amazon Corretto\jdk11.0.3_7\bin\sunec.dll
0x00007ff87cbd0000 - 0x00007ff87cbe7000 	C:\Windows\SYSTEM32\CRYPTSP.dll
0x00007ff87c640000 - 0x00007ff87c673000 	C:\Windows\system32\rsaenh.dll
0x00007ff87c8b0000 - 0x00007ff87c8cf000 	C:\Windows\SYSTEM32\USERENV.dll
0x00007ff87cbf0000 - 0x00007ff87cbfb000 	C:\Windows\SYSTEM32\CRYPTBASE.dll
0x00007ff87c7b0000 - 0x00007ff87c7e8000 	C:\Windows\SYSTEM32\IPHLPAPI.DLL
0x00007ff8805d0000 - 0x00007ff8805d8000 	C:\Windows\System32\NSI.dll
0x00007ff87a470000 - 0x00007ff87a486000 	C:\Windows\SYSTEM32\dhcpcsvc6.DLL
0x00007ff87a040000 - 0x00007ff87a05a000 	C:\Windows\SYSTEM32\dhcpcsvc.DLL
0x00007ff87c7f0000 - 0x00007ff87c892000 	C:\Windows\SYSTEM32\DNSAPI.dll
0x00007ff877eb0000 - 0x00007ff877eba000 	C:\Windows\System32\rasadhlp.dll
0x00007ff87a6a0000 - 0x00007ff87a70a000 	C:\Windows\System32\fwpuclnt.dll
0x00007ff873f90000 - 0x00007ff873f99000 	C:\Program Files\Amazon Corretto\jdk11.0.3_7\bin\management.dll
0x00007ff873210000 - 0x00007ff87321b000 	C:\Program Files\Amazon Corretto\jdk11.0.3_7\bin\management_ext.dll
0x00007ff875850000 - 0x00007ff875866000 	C:\Windows\system32\napinsp.dll
0x00007ff875870000 - 0x00007ff87587e000 	C:\Windows\System32\winrnr.dll
0x00007ff879640000 - 0x00007ff879658000 	C:\Windows\system32\NLAapi.dll

dbghelp: loaded successfully - version: 4.0.5 - missing functions: none
symbol engine: initialized successfully - sym options: 0x614 - pdb path: .;C:\Program Files\Amazon Corretto\jdk11.0.3_7\bin;C:\Windows\SYSTEM32;C:\Windows\WinSxS\amd64_microsoft.windows.common-controls_6595b64144ccf1df_6.0.14393.2938_none_7dddccf083445486;C:\Program Files\Cisco\AMP\exprev;C:\Program Files\Amazon Corretto\jdk11.0.3_7\bin\server

VM Arguments:
jvm_args: -Dfile.encoding=UTF-8 
java_command: GWPCDataDriven.GWPCDataDriven
java_class_path (initial): C:\GW Automation Scripts\GWPCDataDriven\target\test-classes;C:\GW Automation Scripts\GWPCDataDriven\target\classes;D:\Eclipse Jars\commons-codec-1.15.jar;D:\Eclipse Jars\commons-collections4-4.4.jar;D:\Eclipse Jars\commons-compress-1.21.jar;D:\Eclipse Jars\commons-io-2.11.0.jar;D:\Eclipse Jars\commons-math3-3.6.1.jar;D:\Eclipse Jars\curvesapi-1.07.jar;D:\Eclipse Jars\log4j-api-2.17.2.jar;D:\Eclipse Jars\poi-5.2.2.jar;D:\Eclipse Jars\poi-ooxml-5.2.2.jar;D:\Eclipse Jars\poi-ooxml-lite-5.2.2.jar;D:\Eclipse Jars\SparseBitSet-1.2.jar;D:\Eclipse Jars\xmlbeans-5.0.3.jar;D:\Users\Pyramid-6\.m2\repository\junit\junit\3.8.1\junit-3.8.1.jar;D:\Users\Pyramid-6\.m2\repository\org\seleniumhq\selenium\selenium-java\4.1.2\selenium-java-4.1.2.jar;D:\Users\Pyramid-6\.m2\repository\org\seleniumhq\selenium\selenium-api\4.1.2\selenium-api-4.1.2.jar;D:\Users\Pyramid-6\.m2\repository\org\seleniumhq\selenium\selenium-chrome-driver\4.1.2\selenium-chrome-driver-4.1.2.jar;D:\Users\Pyramid-6\.m2\repository\com\google\auto\service\auto-service-annotations\1.0.1\auto-service-annotations-1.0.1.jar;D:\Users\Pyramid-6\.m2\repository\com\google\auto\service\auto-service\1.0.1\auto-service-1.0.1.jar;D:\Users\Pyramid-6\.m2\repository\com\google\auto\auto-common\1.2\auto-common-1.2.jar;D:\Users\Pyramid-6\.m2\repository\com\google\guava\guava\31.0.1-jre\guava-31.0.1-jre.jar;D:\Users\Pyramid-6\.m2\repository\com\google\guava\failureaccess\1.0.1\failureaccess-1.0.1.jar;D:\Users\Pyramid-6\.m2\repository\com\google\guava\listenablefuture\9999.0-empty-to-avoid-conflict-with-guava\listenablefuture-9999.0-empty-to-avoid-conflict-with-guava.jar;D:\Users\Pyramid-6\.m2\repository\com\google\code\findbugs\jsr305\3.0.2\jsr305-3.0.2.jar;D:\Users\Pyramid-6\.m2\repository\org\checkerframework\checker-qual\3.12.0\checker-qual-3.12.0.jar;D:\Users\Pyramid-6\.m2\repository\com\google\errorprone\error_prone_annotations\2.7.1\error_prone_annotations-2.7.1.jar;D:\Users\Pyramid-6\.m2\repository\co
Launcher Type: SUN_STANDARD

[Global flags]
     intx CICompilerCount                          = 4                                         {product} {ergonomic}
     uint ConcGCThreads                            = 2                                         {product} {ergonomic}
     uint G1ConcRefinementThreads                  = 8                                         {product} {ergonomic}
   size_t G1HeapRegionSize                         = 2097152                                   {product} {ergonomic}
    uintx GCDrainStackTargetSize                   = 64                                        {product} {ergonomic}
   size_t InitialHeapSize                          = 532676608                                 {product} {ergonomic}
   size_t MarkStackSize                            = 4194304                                   {product} {ergonomic}
   size_t MaxHeapSize                              = 8497659904                                {product} {ergonomic}
   size_t MaxNewSize                               = 5098176512                                {product} {ergonomic}
   size_t MinHeapDeltaBytes                        = 2097152                                   {product} {ergonomic}
    uintx NonNMethodCodeHeapSize                   = 5835340                                {pd product} {ergonomic}
    uintx NonProfiledCodeHeapSize                  = 122911450                              {pd product} {ergonomic}
    uintx ProfiledCodeHeapSize                     = 122911450                              {pd product} {ergonomic}
    uintx ReservedCodeCacheSize                    = 251658240                              {pd product} {ergonomic}
     bool SegmentedCodeCache                       = true                                      {product} {ergonomic}
     bool UseCompressedClassPointers               = true                                 {lp64_product} {ergonomic}
     bool UseCompressedOops                        = true                                 {lp64_product} {ergonomic}
     bool UseG1GC                                  = true                                      {product} {ergonomic}
     bool UseLargePagesIndividualAllocation        = false                                  {pd product} {ergonomic}

Logging:
Log output configuration:
 #0: stdout all=warning uptime,level,tags
 #1: stderr all=off uptime,level,tags

Environment Variables:
JAVA_HOME=C:\Program Files\Amazon Corretto\jdk11.0.3_7
PATH=C:/Program Files/Amazon Corretto/jdk11.0.3_7/bin/server;C:/Program Files/Amazon Corretto/jdk11.0.3_7/bin;C:\Python310\Scripts\;C:\Python310\;C:\Program Files\Amazon Corretto\jdk11.0.3_7\bin;C:\Program Files (x86)\Common Files\Oracle\Java\javapath;C:\Program Files\Microsoft MPI\Bin\;C:\Windows\system32;C:\Windows;C:\Windows\System32\Wbem;C:\Windows\System32\WindowsPowerShell\v1.0\;C:\Program Files\Amazon\cfn-bootstrap\;C:\Program Files\Git\cmd;C:\Program Files (x86)\Microsoft SQL Server\150\DTS\Binn\;C:\Program Files\Microsoft SQL Server\Client SDK\ODBC\130\Tools\Binn\;C:\Program Files (x86)\Microsoft SQL Server\140\Tools\Binn\;C:\Program Files\Microsoft SQL Server\140\Tools\Binn\;C:\Program Files\Microsoft SQL Server\140\DTS\Binn\;C:\ProgramData\chocolatey\bin;C:\Program Files\Amazon Corretto\jdk11.0.3_7\bin;%MAVEN_HOME%\bin;C:\Program Files\nodejs\;C:\Program Files\Java\jdk-11.0.4\bin\;D:\Users\Pyramid-6\AppData\Local\Microsoft\WindowsApps;;D:\Users\Pyramid-6\AppData\Local\Programs\Microsoft VS Code\bin;C:\eclipse\eclipse;
USERNAME=Pyramid-6
OS=Windows_NT
PROCESSOR_IDENTIFIER=Intel64 Family 6 Model 85 Stepping 7, GenuineIntel



---------------  S Y S T E M  ---------------

OS: Windows Server 2016 , 64 bit Build 14393 (10.0.14393.2969)

CPU:total 8 (initial active 8) (4 cores per cpu, 2 threads per core) family 6 model 85 stepping 7, cmov, cx8, fxsr, mmx, sse, sse2, sse3, ssse3, sse4.1, sse4.2, popcnt, avx, avx2, aes, clmul, erms, 3dnowpref, lzcnt, ht, tsc, tscinvbit, bmi1, bmi2, adx, evex, fma

Memory: 4k page, system-wide physical 32409M (5103M free)
TotalPageFile size 54809M (AvailPageFile size 92M)
current process WorkingSet (physical memory assigned to process): 640M, peak: 640M
current process commit charge ("private bytes"): 911M, peak: 1229M

vm_info: OpenJDK 64-Bit Server VM (11.0.3+7-LTS) for windows-amd64 JRE (11.0.3+7-LTS), built on Apr  6 2019 05:21:17 by "Administrator" with unknown MS VC++:1916

END.
