#
# There is insufficient memory for the Java Runtime Environment to continue.
# Native memory allocation (mmap) failed to map 532676608 bytes for Failed to commit area from 0x0000000605800000 to 0x0000000625400000 of length 532676608.
# Possible reasons:
#   The system is out of physical RAM or swap space
#   The process is running with CompressedOops enabled, and the Java Heap may be blocking the growth of the native heap
# Possible solutions:
#   Reduce memory load on the system
#   Increase physical memory or swap space
#   Check if swap backing store is full
#   Decrease Java heap size (-Xmx/-Xms)
#   Decrease number of Java threads
#   Decrease Java thread stack sizes (-Xss)
#   Set larger code cache with -XX:ReservedCodeCacheSize=
# This output file may be truncated or incomplete.
#
#  Out of Memory Error (c:/tools/cygwin/home/Administrator/development/Corretto11Src/src/src/hotspot/os/windows/os_windows.cpp:3271), pid=24780, tid=44732
#
# JRE version:  (11.0.3+7) (build )
# Java VM: OpenJDK 64-Bit Server VM (11.0.3+7-LTS, mixed mode, aot, sharing, tiered, compressed oops, g1 gc, windows-amd64)
# Core dump will be written. Default location: C:\GW Automation Scripts\GWPCDataDriven\hs_err_pid24780.mdmp
#

---------------  S U M M A R Y ------------

Command Line: -Dfile.encoding=UTF-8 GWPCDataDriven.GWPCDataDriven

Host: Intel(R) Xeon(R) Platinum 8259CL CPU @ 2.50GHz, 8 cores, 31G,  Windows Server 2016 , 64 bit Build 14393 (10.0.14393.2969)
Time: Tue Nov 22 18:07:14 2022 India Standard Time elapsed time: 0 seconds (0d 0h 0m 0s)

---------------  T H R E A D  ---------------

Current thread (0x0000024c20cc4000):  JavaThread "Unknown thread" [_thread_in_vm, id=44732, stack(0x0000006b61500000,0x0000006b61600000)]

Stack: [0x0000006b61500000,0x0000006b61600000]
Native frames: (J=compiled Java code, j=interpreted, Vv=VM code, C=native code)
V  [jvm.dll+0x5d6bea]
V  [jvm.dll+0x70ac5f]
V  [jvm.dll+0x70c2eb]
V  [jvm.dll+0x70c9b3]
V  [jvm.dll+0x23f608]
V  [jvm.dll+0x5d412a]
V  [jvm.dll+0x5c9025]
V  [jvm.dll+0x2f3d1c]
V  [jvm.dll+0x2f3ba2]
V  [jvm.dll+0x2f8856]
V  [jvm.dll+0x339d3f]
V  [jvm.dll+0x339770]
V  [jvm.dll+0x2d1b98]
V  [jvm.dll+0x2d2ce6]
V  [jvm.dll+0x6e6e67]
V  [jvm.dll+0x6e85bf]
V  [jvm.dll+0x346c19]
V  [jvm.dll+0x6cdca0]
V  [jvm.dll+0x3ae01f]
V  [jvm.dll+0x3b0381]
C  [javaw.exe+0x360b]
C  [javaw.exe+0x17e3c]
C  [i_tvmkly.dll+0x84d4]
C  [Protector64.dll+0x38803]
C  [ntdll.dll+0x6e851]


---------------  P R O C E S S  ---------------

Threads class SMR info:
_java_thread_list=0x0000024c1e85a7c0, length=0, elements={
}

Java Threads: ( => current thread )

Other Threads:
  0x0000024c20cdb000 GCTaskThread "GC Thread#0" [stack: 0x0000006b61600000,0x0000006b61700000] [id=57408]
  0x0000024c433d9000 ConcurrentGCThread "G1 Main Marker" [stack: 0x0000006b61700000,0x0000006b61800000] [id=16412]
  0x0000024c433db000 ConcurrentGCThread "G1 Conc#0" [stack: 0x0000006b61800000,0x0000006b61900000] [id=13864]

[error occurred during error reporting (printing all threads), id 0xc0000005, EXCEPTION_ACCESS_VIOLATION (0xc0000005) at pc=0x00007ff8352d07b7]

VM state:not at safepoint (not fully initialized)

VM Mutex/Monitor currently owned by a thread:  ([mutex/lock_event])
[0x0000024c20cbe900] Heap_lock - owner thread: 0x0000024c20cc4000

Heap address: 0x0000000605800000, size: 8104 MB, Compressed Oops mode: Non-zero based: 0x0000000605800000
Narrow klass base: 0x0000000000000000, Narrow klass shift: 0

GC Heap History (0 events):
No events

Deoptimization events (0 events):
No events

Classes redefined (0 events):
No events

Internal exceptions (0 events):
No events

Events (0 events):
No events


Dynamic libraries:
0x00007ff68d740000 - 0x00007ff68d786000 	C:\Program Files\Amazon Corretto\jdk11.0.3_7\bin\javaw.exe
0x00007ff880d00000 - 0x00007ff880ed0000 	C:\Windows\SYSTEM32\ntdll.dll
0x00007ff880520000 - 0x00007ff8805cc000 	C:\Windows\System32\i_tvmkly.dll
0x00007ff87de40000 - 0x00007ff87e05c000 	C:\Windows\System32\n_uinunyia.dll
0x00007ff880d00000 - 0x00007ff880ed0000 	C:\Windows\SYSTEM32\ntdll.dll
0x00007ff880520000 - 0x00007ff8805cc000 	C:\Windows\System32\i_tvmkly.dll
0x00007ff87de40000 - 0x00007ff87e05c000 	C:\Windows\System32\n_uinunyia.dll
0x00007ff880980000 - 0x00007ff880ae5000 	C:\Windows\System32\USER32.dll
0x00007ff87d240000 - 0x00007ff87d25e000 	C:\Windows\System32\win32u.dll
0x00007ff880bf0000 - 0x00007ff880c24000 	C:\Windows\System32\GDI32.dll
0x00007ff87da40000 - 0x00007ff87dbc1000 	C:\Windows\System32\gdi32full.dll
0x00007ff870bc0000 - 0x00007ff870e3a000 	C:\Windows\WinSxS\amd64_microsoft.windows.common-controls_6595b64144ccf1df_6.0.14393.2938_none_7dddccf083445486\COMCTL32.dll
0x00007ff87fea0000 - 0x00007ff87ff3e000 	C:\Windows\System32\msvcrt.dll
0x00007ff8806b0000 - 0x00007ff880975000 	C:\Windows\System32\combase.dll
0x00007ff87d940000 - 0x00007ff87da34000 	C:\Windows\System32\ucrtbase.dll
0x00007ff87e290000 - 0x00007ff87e3b1000 	C:\Windows\System32\RPCRT4.dll
0x00007ff87dbd0000 - 0x00007ff87dc3a000 	C:\Windows\System32\bcryptPrimitives.dll
0x00007ff87fb10000 - 0x00007ff87fb3e000 	C:\Windows\System32\IMM32.DLL
0x00007ff854010000 - 0x00007ff854145000 	C:\Program Files\Cisco\AMP\exprev\Protector64.dll
0x00007ff87fcb0000 - 0x00007ff87fd52000 	C:\Windows\System32\ADVAPI32.dll
0x00007ff880650000 - 0x00007ff8806a9000 	C:\Windows\System32\sechost.dll
0x00007ff87e480000 - 0x00007ff87f985000 	C:\Windows\System32\SHELL32.dll
0x00007ff87d1f0000 - 0x00007ff87d232000 	C:\Windows\System32\cfgmgr32.dll
0x00007ff87d260000 - 0x00007ff87d939000 	C:\Windows\System32\windows.storage.dll
0x00007ff87d1a0000 - 0x00007ff87d1ec000 	C:\Windows\System32\powrprof.dll
0x00007ff87fa50000 - 0x00007ff87faa2000 	C:\Windows\System32\shlwapi.dll
0x00007ff87d180000 - 0x00007ff87d18f000 	C:\Windows\System32\kernel.appcore.dll
0x00007ff87dce0000 - 0x00007ff87dd89000 	C:\Windows\System32\shcore.dll
0x00007ff87d160000 - 0x00007ff87d174000 	C:\Windows\System32\profapi.dll
0x00007ff87e3c0000 - 0x00007ff87e480000 	C:\Windows\System32\OLEAUT32.dll
0x00007ff87dc40000 - 0x00007ff87dcdc000 	C:\Windows\System32\msvcp_win.dll
0x00007ff874010000 - 0x00007ff87401a000 	C:\Windows\SYSTEM32\VERSION.dll
0x00007ff87be50000 - 0x00007ff87be82000 	C:\Windows\SYSTEM32\ntmarta.dll
0x00007ff872680000 - 0x00007ff872695000 	C:\Program Files\Amazon Corretto\jdk11.0.3_7\bin\vcruntime140.dll
0x00007ff8539d0000 - 0x00007ff853a6b000 	C:\Program Files\Amazon Corretto\jdk11.0.3_7\bin\msvcp140.dll
0x00007ff834ff0000 - 0x00007ff835aa3000 	C:\Program Files\Amazon Corretto\jdk11.0.3_7\bin\server\jvm.dll
0x00007ff8800e0000 - 0x00007ff8800e8000 	C:\Windows\System32\PSAPI.DLL
0x00007ff873200000 - 0x00007ff873209000 	C:\Windows\SYSTEM32\WSOCK32.dll
0x00007ff880c30000 - 0x00007ff880c9a000 	C:\Windows\System32\WS2_32.dll
0x00007ff87b570000 - 0x00007ff87b593000 	C:\Windows\SYSTEM32\WINMM.dll
0x00007ff87b540000 - 0x00007ff87b56b000 	C:\Windows\SYSTEM32\WINMMBASE.dll
0x00007ff87b820000 - 0x00007ff87b830000 	C:\Program Files\Amazon Corretto\jdk11.0.3_7\bin\verify.dll
0x00007ff858ed0000 - 0x00007ff859062000 	C:\Windows\SYSTEM32\DBGHELP.DLL
0x00007ff858e50000 - 0x00007ff858e79000 	C:\Windows\SYSTEM32\dbgcore.DLL
0x00007ff871740000 - 0x00007ff871768000 	C:\Program Files\Amazon Corretto\jdk11.0.3_7\bin\java.dll
0x00007ff874530000 - 0x00007ff874546000 	C:\Program Files\Amazon Corretto\jdk11.0.3_7\bin\zip.dll
0x00007ff87a890000 - 0x00007ff87a89a000 	C:\Program Files\Amazon Corretto\jdk11.0.3_7\bin\jimage.dll

dbghelp: loaded successfully - version: 4.0.5 - missing functions: none
symbol engine: initialized successfully - sym options: 0x614 - pdb path: .;C:\Program Files\Amazon Corretto\jdk11.0.3_7\bin;C:\Windows\SYSTEM32;C:\Windows\WinSxS\amd64_microsoft.windows.common-controls_6595b64144ccf1df_6.0.14393.2938_none_7dddccf083445486;C:\Program Files\Cisco\AMP\exprev;C:\Program Files\Amazon Corretto\jdk11.0.3_7\bin\server

VM Arguments:
jvm_args: -Dfile.encoding=UTF-8 
java_command: GWPCDataDriven.GWPCDataDriven
java_class_path (initial): C:\GW Automation Scripts\GWPCDataDriven\target\test-classes;C:\GW Automation Scripts\GWPCDataDriven\target\classes;D:\Eclipse Jars\commons-codec-1.15.jar;D:\Eclipse Jars\commons-collections4-4.4.jar;D:\Eclipse Jars\commons-compress-1.21.jar;D:\Eclipse Jars\commons-io-2.11.0.jar;D:\Eclipse Jars\commons-math3-3.6.1.jar;D:\Eclipse Jars\curvesapi-1.07.jar;D:\Eclipse Jars\log4j-api-2.17.2.jar;D:\Eclipse Jars\poi-5.2.2.jar;D:\Eclipse Jars\poi-ooxml-5.2.2.jar;D:\Eclipse Jars\poi-ooxml-lite-5.2.2.jar;D:\Eclipse Jars\SparseBitSet-1.2.jar;D:\Eclipse Jars\xmlbeans-5.0.3.jar;D:\Users\Pyramid-6\.m2\repository\junit\junit\3.8.1\junit-3.8.1.jar;D:\Users\Pyramid-6\.m2\repository\org\seleniumhq\selenium\selenium-java\4.1.2\selenium-java-4.1.2.jar;D:\Users\Pyramid-6\.m2\repository\org\seleniumhq\selenium\selenium-api\4.1.2\selenium-api-4.1.2.jar;D:\Users\Pyramid-6\.m2\repository\org\seleniumhq\selenium\selenium-chrome-driver\4.1.2\selenium-chrome-driver-4.1.2.jar;D:\Users\Pyramid-6\.m2\repository\com\google\auto\service\auto-service-annotations\1.0.1\auto-service-annotations-1.0.1.jar;D:\Users\Pyramid-6\.m2\repository\com\google\auto\service\auto-service\1.0.1\auto-service-1.0.1.jar;D:\Users\Pyramid-6\.m2\repository\com\google\auto\auto-common\1.2\auto-common-1.2.jar;D:\Users\Pyramid-6\.m2\repository\com\google\guava\guava\31.0.1-jre\guava-31.0.1-jre.jar;D:\Users\Pyramid-6\.m2\repository\com\google\guava\failureaccess\1.0.1\failureaccess-1.0.1.jar;D:\Users\Pyramid-6\.m2\repository\com\google\guava\listenablefuture\9999.0-empty-to-avoid-conflict-with-guava\listenablefuture-9999.0-empty-to-avoid-conflict-with-guava.jar;D:\Users\Pyramid-6\.m2\repository\com\google\code\findbugs\jsr305\3.0.2\jsr305-3.0.2.jar;D:\Users\Pyramid-6\.m2\repository\org\checkerframework\checker-qual\3.12.0\checker-qual-3.12.0.jar;D:\Users\Pyramid-6\.m2\repository\com\google\errorprone\error_prone_annotations\2.7.1\error_prone_annotations-2.7.1.jar;D:\Users\Pyramid-6\.m2\repository\co
Launcher Type: SUN_STANDARD

[Global flags]
     intx CICompilerCount                          = 4                                         {product} {ergonomic}
     uint ConcGCThreads                            = 2                                         {product} {ergonomic}
     uint G1ConcRefinementThreads                  = 8                                         {product} {ergonomic}
   size_t G1HeapRegionSize                         = 2097152                                   {product} {ergonomic}
    uintx GCDrainStackTargetSize                   = 64                                        {product} {ergonomic}
   size_t InitialHeapSize                          = 532676608                                 {product} {ergonomic}
   size_t MarkStackSize                            = 4194304                                   {product} {ergonomic}
   size_t MaxHeapSize                              = 8497659904                                {product} {ergonomic}
   size_t MinHeapDeltaBytes                        = 2097152                                   {product} {ergonomic}
    uintx NonNMethodCodeHeapSize                   = 5835340                                {pd product} {ergonomic}
    uintx NonProfiledCodeHeapSize                  = 122911450                              {pd product} {ergonomic}
    uintx ProfiledCodeHeapSize                     = 122911450                              {pd product} {ergonomic}
    uintx ReservedCodeCacheSize                    = 251658240                              {pd product} {ergonomic}
     bool SegmentedCodeCache                       = true                                      {product} {ergonomic}
     bool UseCompressedClassPointers               = true                                 {lp64_product} {ergonomic}
     bool UseCompressedOops                        = true                                 {lp64_product} {ergonomic}
     bool UseG1GC                                  = true                                      {product} {ergonomic}
     bool UseLargePagesIndividualAllocation        = false                                  {pd product} {ergonomic}

Logging:
Log output configuration:
 #0: stdout all=warning uptime,level,tags
 #1: stderr all=off uptime,level,tags

Environment Variables:
JAVA_HOME=C:\Program Files\Amazon Corretto\jdk11.0.3_7
PATH=C:/Program Files/Amazon Corretto/jdk11.0.3_7/bin/server;C:/Program Files/Amazon Corretto/jdk11.0.3_7/bin;C:\Python310\Scripts\;C:\Python310\;C:\Program Files\Amazon Corretto\jdk11.0.3_7\bin;C:\Program Files (x86)\Common Files\Oracle\Java\javapath;C:\Program Files\Microsoft MPI\Bin\;C:\Windows\system32;C:\Windows;C:\Windows\System32\Wbem;C:\Windows\System32\WindowsPowerShell\v1.0\;C:\Program Files\Amazon\cfn-bootstrap\;C:\Program Files\Git\cmd;C:\Program Files (x86)\Microsoft SQL Server\150\DTS\Binn\;C:\Program Files\Microsoft SQL Server\Client SDK\ODBC\130\Tools\Binn\;C:\Program Files (x86)\Microsoft SQL Server\140\Tools\Binn\;C:\Program Files\Microsoft SQL Server\140\Tools\Binn\;C:\Program Files\Microsoft SQL Server\140\DTS\Binn\;C:\ProgramData\chocolatey\bin;C:\Program Files\Amazon Corretto\jdk11.0.3_7\bin;%MAVEN_HOME%\bin;C:\Program Files\nodejs\;C:\Program Files\Java\jdk-11.0.4\bin\;D:\Users\Pyramid-6\AppData\Local\Microsoft\WindowsApps;;D:\Users\Pyramid-6\AppData\Local\Programs\Microsoft VS Code\bin;C:\eclipse\eclipse;
USERNAME=Pyramid-6
OS=Windows_NT
PROCESSOR_IDENTIFIER=Intel64 Family 6 Model 85 Stepping 7, GenuineIntel



---------------  S Y S T E M  ---------------

OS: Windows Server 2016 , 64 bit Build 14393 (10.0.14393.2969)

CPU:total 8 (initial active 8) (4 cores per cpu, 2 threads per core) family 6 model 85 stepping 7, cmov, cx8, fxsr, mmx, sse, sse2, sse3, ssse3, sse4.1, sse4.2, popcnt, avx, avx2, aes, clmul, erms, 3dnowpref, lzcnt, ht, tsc, tscinvbit, bmi1, bmi2, adx, evex, fma

Memory: 4k page, system-wide physical 32409M (5669M free)
TotalPageFile size 54809M (AvailPageFile size 376M)
current process WorkingSet (physical memory assigned to process): 22M, peak: 22M
current process commit charge ("private bytes"): 69M, peak: 577M

vm_info: OpenJDK 64-Bit Server VM (11.0.3+7-LTS) for windows-amd64 JRE (11.0.3+7-LTS), built on Apr  6 2019 05:21:17 by "Administrator" with unknown MS VC++:1916

END.
